#
# A fatal error has been detected by the Java Runtime Environment:
#
#  EXCEPTION_ACCESS_VIOLATION (0xc0000005) at pc=0x000000006a559cc0, pid=4464, tid=0x0000000000001774
#
# JRE version: OpenJDK Runtime Environment (8.0_76-b03) (build 1.8.0_76-release-b03)
# Java VM: OpenJDK 64-Bit Server VM (25.76-b03 mixed mode windows-amd64 compressed oops)
# Problematic frame:
# V  [jvm.dll+0x89cc0]
#
# Failed to write core dump. Minidumps are not enabled by default on client versions of Windows
#
# If you would like to submit a bug report, please visit:
#   http://bugreport.java.com/bugreport/crash.jsp
#

---------------  T H R E A D  ---------------

Current thread (0x0000000002230800):  GCTaskThread [stack: 0x0000000012490000,0x0000000012590000] [id=6004]

siginfo: ExceptionCode=0xc0000005, reading address 0x0000000012491a90

Registers:
RAX=0x0000000000000001, RBX=0x00000000f7019fd8, RCX=0x00000000f7019fd8, RDX=0x0000000012491a88
RSP=0x000000001258f898, RBP=0x0000000000000000, RSI=0x0000000057810600, RDI=0x000000006128a640
R8 =0x0000000057810600, R9 =0x0000000000000010, R10=0x000000000000000c, R11=0x000000000000000c
R12=0x000000006aadd410, R13=0x000000000000000d, R14=0x0000000000000000, R15=0x0000000002231120
RIP=0x000000006a559cc0, EFLAGS=0x0000000000010206

Top of Stack: (sp=0x000000001258f898)
0x000000001258f898:   000000006a897792 00000000f7019fb0
0x000000001258f8a8:   0000000000000005 0000000057810600
0x000000001258f8b8:   000000000222af00 000000006aaafd68
0x000000001258f8c8:   000000006a897edb 00000000d98b2780
0x000000001258f8d8:   0000000000000400 0000000000000000
0x000000001258f8e8:   000000000222af01 000000006aadd410
0x000000001258f8f8:   000000006a897b00 00000000d98b2cec
0x000000001258f908:   0000000000000000 0000000057810600
0x000000001258f918:   000000006128a640 00000000d98b2cec
0x000000001258f928:   000000006a8984d5 00000000f6ffa9e8
0x000000001258f938:   0000000000000000 0000000057810600
0x000000001258f948:   000000006a897a11 00000000f69545a8
0x000000001258f958:   0000000000000005 0000000057810600
0x000000001258f968:   00020ae100019a08 000000006128a520
0x000000001258f978:   00020ae100019a09 00000000d8eb1450
0x000000001258f988:   0000000000000400 0000000002231110 

Instructions: (pc=0x000000006a559cc0)
0x000000006a559ca0:   ac 3a 1d 00 48 8b 9c 24 c0 00 00 00 48 81 c4 b0
0x000000006a559cb0:   00 00 00 5d c3 cc cc cc cc cc cc cc cc cc cc cc
0x000000006a559cc0:   44 8b 42 08 4c 8b ca 45 85 c0 7e 0e 41 f6 c0 01
0x000000006a559cd0:   75 57 41 c1 f8 03 41 8b c0 c3 79 4d 80 3d be 5f 


Register to memory mapping:

RAX=0x0000000000000001 is an unknown value
RBX=0x00000000f7019fd8 is an oop
com.android.dx.rop.code.Rop 
 - klass: 'com/android/dx/rop/code/Rop'
RCX=0x00000000f7019fd8 is an oop
com.android.dx.rop.code.Rop 
 - klass: 'com/android/dx/rop/code/Rop'
RDX=0x0000000012491a88 is an unknown value
RSP=0x000000001258f898 is an unknown value
RBP=0x0000000000000000 is an unknown value
RSI=0x0000000057810600 is an unknown value
RDI=0x000000006128a640 is an unknown value
R8 =0x0000000057810600 is an unknown value
R9 =0x0000000000000010 is an unknown value
R10=0x000000000000000c is an unknown value
R11=0x000000000000000c is an unknown value
R12=0x000000006aadd410 is an unknown value
R13=0x000000000000000d is an unknown value
R14=0x0000000000000000 is an unknown value
R15=0x0000000002231120 is an unknown value


Stack: [0x0000000012490000,0x0000000012590000],  sp=0x000000001258f898,  free space=1022k
Native frames: (J=compiled Java code, j=interpreted, Vv=VM code, C=native code)


---------------  P R O C E S S  ---------------

Java Threads: ( => current thread )
  0x00000000616c6000 JavaThread "pool-40-thread-1" [_thread_blocked, id=5660, stack(0x000000006b2c0000,0x000000006b3c0000)]
  0x00000000616c5000 JavaThread "pool-41-thread-4" [_thread_blocked, id=7664, stack(0x000000006b100000,0x000000006b200000)]
  0x00000000616c4800 JavaThread "pool-41-thread-3" [_thread_blocked, id=7044, stack(0x000000006af80000,0x000000006b080000)]
  0x000000005d929800 JavaThread "pool-41-thread-2" [_thread_blocked, id=5356, stack(0x0000000065260000,0x0000000065360000)]
  0x000000005c2b0000 JavaThread "pool-42-thread-1" [_thread_blocked, id=4680, stack(0x000000006ad70000,0x000000006ae70000)]
  0x000000005c2ad800 JavaThread "pool-41-thread-1" [_thread_blocked, id=5072, stack(0x0000000065600000,0x0000000065700000)]
  0x000000005c2af000 JavaThread "pool-3-thread-3" [_thread_blocked, id=772, stack(0x0000000067ba0000,0x0000000067ca0000)]
  0x000000005cb3b800 JavaThread "pool-38-thread-4" [_thread_blocked, id=5908, stack(0x00000000678d0000,0x00000000679d0000)]
  0x000000005cb38800 JavaThread "pool-38-thread-3" [_thread_blocked, id=5632, stack(0x00000000654e0000,0x00000000655e0000)]
  0x000000005cb3a800 JavaThread "pool-38-thread-2" [_thread_blocked, id=6740, stack(0x00000000653c0000,0x00000000654c0000)]
  0x000000005cb3c000 JavaThread "pool-38-thread-1" [_thread_blocked, id=5336, stack(0x0000000065150000,0x0000000065250000)]
  0x000000005c17c000 JavaThread "Stdin handler" [_thread_blocked, id=2212, stack(0x000000005b430000,0x000000005b530000)]
  0x000000005c174800 JavaThread "Asynchronous log dispatcher for org.gradle.launcher.daemon.server.DefaultDaemonConnection@792e7f78" [_thread_blocked, id=8044, stack(0x000000005f350000,0x000000005f450000)]
  0x000000005c176000 JavaThread "Daemon worker Thread 10" [_thread_blocked, id=5528, stack(0x00000000646e0000,0x00000000647e0000)]
  0x000000005c177800 JavaThread "Cancel handler" [_thread_blocked, id=2596, stack(0x000000005bc60000,0x000000005bd60000)]
  0x000000005c176800 JavaThread "Handler for socket connection from /127.0.0.1:57748 to /127.0.0.1:50798" [_thread_in_native, id=7996, stack(0x00000000591d0000,0x00000000592d0000)]
  0x000000005c178000 JavaThread "Daemon Thread 10" [_thread_blocked, id=6672, stack(0x000000005b580000,0x000000005b680000)]
  0x000000005c2ac000 JavaThread "pool-3-thread-2" [_thread_blocked, id=6516, stack(0x0000000068df0000,0x0000000068ef0000)]
  0x000000005c2ab800 JavaThread "stdout" daemon [_thread_in_native, id=6980, stack(0x0000000069b70000,0x0000000069c70000)]
  0x000000005c2aa800 JavaThread "stderr" daemon [_thread_in_native, id=5780, stack(0x0000000069990000,0x0000000069a90000)]
  0x000000005c2aa000 JavaThread "stdout" daemon [_thread_in_native, id=7768, stack(0x0000000069030000,0x0000000069130000)]
  0x000000005c2a9000 JavaThread "stderr" daemon [_thread_in_native, id=9124, stack(0x00000000697a0000,0x00000000698a0000)]
  0x000000005f075000 JavaThread "stdout" daemon [_thread_in_native, id=6576, stack(0x0000000069650000,0x0000000069750000)]
  0x000000005f074000 JavaThread "stderr" daemon [_thread_in_native, id=7164, stack(0x0000000069460000,0x0000000069560000)]
  0x000000005f073800 JavaThread "stdout" daemon [_thread_in_native, id=8344, stack(0x0000000069360000,0x0000000069460000)]
  0x000000005f072800 JavaThread "stderr" daemon [_thread_in_native, id=6804, stack(0x0000000069140000,0x0000000069240000)]
  0x000000005f072000 JavaThread "stdout" daemon [_thread_in_native, id=8268, stack(0x0000000068f20000,0x0000000069020000)]
  0x000000005f071000 JavaThread "stderr" daemon [_thread_in_native, id=7396, stack(0x0000000068cd0000,0x0000000068dd0000)]
  0x000000005f070800 JavaThread "stdout" daemon [_thread_in_native, id=8800, stack(0x0000000068bd0000,0x0000000068cd0000)]
  0x000000005f06f800 JavaThread "stderr" daemon [_thread_in_native, id=3620, stack(0x00000000685e0000,0x00000000686e0000)]
  0x000000005f06f000 JavaThread "stdout" daemon [_thread_in_native, id=4524, stack(0x00000000689c0000,0x0000000068ac0000)]
  0x000000005f06e000 JavaThread "stderr" daemon [_thread_in_native, id=8036, stack(0x0000000068850000,0x0000000068950000)]
  0x0000000061c92000 JavaThread "stdout" daemon [_thread_in_native, id=5548, stack(0x0000000068740000,0x0000000068840000)]
  0x000000005c17e000 JavaThread "stderr" daemon [_thread_in_native, id=8272, stack(0x00000000684c0000,0x00000000685c0000)]
  0x0000000061c91800 JavaThread "png-cruncher_16" daemon [_thread_blocked, id=4960, stack(0x0000000066c00000,0x0000000066d00000)]
  0x0000000061c90800 JavaThread "png-cruncher_15" daemon [_thread_blocked, id=6544, stack(0x00000000682d0000,0x00000000683d0000)]
  0x0000000061c90000 JavaThread "png-cruncher_14" daemon [_thread_blocked, id=5432, stack(0x00000000681a0000,0x00000000682a0000)]
  0x0000000061c8f000 JavaThread "png-cruncher_13" daemon [_thread_blocked, id=4688, stack(0x0000000068030000,0x0000000068130000)]
  0x0000000061c8e800 JavaThread "png-cruncher_12" daemon [_thread_blocked, id=2272, stack(0x0000000067e30000,0x0000000067f30000)]
  0x0000000061c8d800 JavaThread "png-cruncher_11" daemon [_thread_blocked, id=8636, stack(0x0000000067ca0000,0x0000000067da0000)]
  0x0000000061c8d000 JavaThread "png-cruncher_10" daemon [_thread_blocked, id=9048, stack(0x0000000067aa0000,0x0000000067ba0000)]
  0x0000000061c8c000 JavaThread "png-cruncher_9" daemon [_thread_blocked, id=4316, stack(0x0000000067500000,0x0000000067600000)]
  0x000000005ea2c800 JavaThread "stdout" daemon [_thread_in_native, id=7968, stack(0x00000000677b0000,0x00000000678b0000)]
  0x000000005ea2c000 JavaThread "stderr" daemon [_thread_in_native, id=2944, stack(0x0000000067670000,0x0000000067770000)]
  0x000000005ea2b000 JavaThread "stdout" daemon [_thread_in_native, id=7004, stack(0x00000000673d0000,0x00000000674d0000)]
  0x000000005ea2a800 JavaThread "stderr" daemon [_thread_in_native, id=6244, stack(0x00000000672c0000,0x00000000673c0000)]
  0x000000005ea29800 JavaThread "stdout" daemon [_thread_in_native, id=4000, stack(0x0000000066fc0000,0x00000000670c0000)]
  0x000000005ea29000 JavaThread "stderr" daemon [_thread_in_native, id=7256, stack(0x0000000067120000,0x0000000067220000)]
  0x000000005ea28000 JavaThread "stdout" daemon [_thread_in_native, id=5264, stack(0x0000000066ea0000,0x0000000066fa0000)]
  0x000000005ea27800 JavaThread "stderr" daemon [_thread_in_native, id=6880, stack(0x0000000066d20000,0x0000000066e20000)]
  0x000000005ea26800 JavaThread "stdout" daemon [_thread_in_native, id=1724, stack(0x0000000066b00000,0x0000000066c00000)]
  0x000000005ea26000 JavaThread "stderr" daemon [_thread_in_native, id=5060, stack(0x0000000066960000,0x0000000066a60000)]
  0x0000000061731800 JavaThread "stdout" daemon [_thread_in_native, id=4684, stack(0x0000000066260000,0x0000000066360000)]
  0x0000000061731000 JavaThread "stderr" daemon [_thread_in_native, id=7040, stack(0x0000000066790000,0x0000000066890000)]
  0x0000000061730000 JavaThread "stdout" daemon [_thread_in_native, id=5840, stack(0x0000000066600000,0x0000000066700000)]
  0x000000006172f800 JavaThread "stderr" daemon [_thread_in_native, id=6260, stack(0x0000000065cb0000,0x0000000065db0000)]
  0x000000006172e800 JavaThread "stdout" daemon [_thread_in_native, id=4728, stack(0x0000000065a60000,0x0000000065b60000)]
  0x000000006172e000 JavaThread "stderr" daemon [_thread_in_native, id=7772, stack(0x0000000066400000,0x0000000066500000)]
  0x000000006172d000 JavaThread "png-cruncher_8" daemon [_thread_blocked, id=7356, stack(0x0000000066160000,0x0000000066260000)]
  0x000000006172c800 JavaThread "png-cruncher_7" daemon [_thread_blocked, id=7992, stack(0x0000000065fd0000,0x00000000660d0000)]
  0x000000006172b800 JavaThread "png-cruncher_6" daemon [_thread_blocked, id=8620, stack(0x0000000065de0000,0x0000000065ee0000)]
  0x000000006172b000 JavaThread "png-cruncher_5" daemon [_thread_blocked, id=7376, stack(0x0000000065710000,0x0000000065810000)]
  0x000000005d92c800 JavaThread "png-cruncher_4" daemon [_thread_blocked, id=7960, stack(0x0000000065bb0000,0x0000000065cb0000)]
  0x000000005d92c000 JavaThread "png-cruncher_3" daemon [_thread_blocked, id=6332, stack(0x0000000065940000,0x0000000065a40000)]
  0x000000005d92b000 JavaThread "png-cruncher_2" daemon [_thread_blocked, id=5160, stack(0x000000005b320000,0x000000005b420000)]
  0x000000005d92a800 JavaThread "png-cruncher_1" daemon [_thread_blocked, id=5388, stack(0x0000000065830000,0x0000000065930000)]
  0x000000005c173800 JavaThread "pool-3-thread-1" [_thread_blocked, id=1512, stack(0x0000000063450000,0x0000000063550000)]
  0x000000005c170000 JavaThread "File lock request listener" [_thread_in_native, id=3792, stack(0x000000005faf0000,0x000000005fbf0000)]
  0x000000005a6bd000 JavaThread "pool-1-thread-1" [_thread_blocked, id=8316, stack(0x000000005b210000,0x000000005b310000)]
  0x000000005a4d1000 JavaThread "Incoming local TCP Connector on port 57748" [_thread_in_native, id=1968, stack(0x000000005af10000,0x000000005b010000)]
  0x00000000578fc000 JavaThread "Service Thread" daemon [_thread_blocked, id=4052, stack(0x00000000592f0000,0x00000000593f0000)]
  0x00000000567bd000 JavaThread "C1 CompilerThread3" daemon [_thread_blocked, id=8572, stack(0x0000000058f50000,0x0000000059050000)]
  0x0000000057869800 JavaThread "C2 CompilerThread2" daemon [_thread_blocked, id=8304, stack(0x0000000059090000,0x0000000059190000)]
  0x0000000057868800 JavaThread "C2 CompilerThread1" daemon [_thread_blocked, id=8736, stack(0x0000000058e50000,0x0000000058f50000)]
  0x0000000057861800 JavaThread "C2 CompilerThread0" daemon [_thread_blocked, id=6896, stack(0x0000000058b00000,0x0000000058c00000)]
  0x0000000057860000 JavaThread "Attach Listener" daemon [_thread_blocked, id=1084, stack(0x0000000058cc0000,0x0000000058dc0000)]
  0x000000005785f000 JavaThread "Signal Dispatcher" daemon [_thread_blocked, id=8848, stack(0x0000000058a00000,0x0000000058b00000)]
  0x00000000567ae000 JavaThread "Finalizer" daemon [_thread_blocked, id=8888, stack(0x0000000058870000,0x0000000058970000)]
  0x00000000567a7000 JavaThread "Reference Handler" daemon [_thread_blocked, id=8464, stack(0x0000000058760000,0x0000000058860000)]
  0x000000000238d800 JavaThread "main" [_thread_blocked, id=8880, stack(0x00000000026c0000,0x00000000027c0000)]

Other Threads:
  0x0000000057813800 VMThread [stack: 0x00000000025c0000,0x00000000026c0000] [id=8864]
  0x000000005786a800 WatcherThread [stack: 0x00000000594b0000,0x00000000595b0000] [id=6452]

=>0x0000000002230800 (exited) GCTaskThread [stack: 0x0000000012490000,0x0000000012590000] [id=6004]

VM state:at safepoint (normal execution)

VM Mutex/Monitor currently owned by a thread:  ([mutex/lock_event])
[0x000000000238bf90] Threads_lock - owner thread: 0x0000000057813800
[0x000000000238c490] Heap_lock - owner thread: 0x000000005c2af000

Heap:
 PSYoungGen      total 356352K, used 244476K [0x00000000e0000000, 0x00000000fe980000, 0x0000000100000000)
  eden space 214528K, 100% used [0x00000000e0000000,0x00000000ed180000,0x00000000ed180000)
  from space 141824K, 21% used [0x00000000f5f00000,0x00000000f7c3f348,0x00000000fe980000)
  to   space 143360K, 11% used [0x00000000ed180000,0x00000000ee1a2d08,0x00000000f5d80000)
 ParOldGen       total 1048576K, used 946585K [0x00000000a0000000, 0x00000000e0000000, 0x00000000e0000000)
  object space 1048576K, 90% used [0x00000000a0000000,0x00000000d9c667c0,0x00000000e0000000)
 Metaspace       used 69605K, capacity 72374K, committed 72880K, reserved 1114112K
  class space    used 8615K, capacity 9031K, committed 9136K, reserved 1048576K

Card table byte_map: [0x0000000011b80000,0x0000000011e90000] byte_map_base: 0x0000000011680000

Marking Bits: (ParMarkBitMap*) 0x000000006ac89d00
 Begin Bits: [0x0000000012ac0000, 0x00000000142c0000)
 End Bits:   [0x00000000142c0000, 0x0000000015ac0000)

Polling page: 0x0000000000120000

CodeCache: size=245760Kb used=60565Kb max_used=60809Kb free=185194Kb
 bounds [0x00000000027c0000, 0x0000000006380000, 0x00000000117c0000]
 total_blobs=16960 nmethods=16212 adapters=659
 compilation: enabled

Compilation events (10 events):
Event: 5116.756 Thread 0x0000000057869800 22845   !   4       java.util.concurrent.ConcurrentHashMap::treeifyBin (164 bytes)
Event: 5116.850 Thread 0x0000000057869800 nmethod 22845 0x0000000004b4a350 code [0x0000000004b4a540, 0x0000000004b4bba0]
Event: 5117.208 Thread 0x0000000057868800 22846       4       com.android.dx.ssa.SsaMethod::updateOneDefinition (70 bytes)
Event: 5117.210 Thread 0x0000000057868800 nmethod 22846 0x00000000033f9f90 code [0x00000000033fa0e0, 0x00000000033fa1f8]
Event: 5117.271 Thread 0x0000000057861800 22847       4       com.android.dx.cf.code.BasicBlocker::visitSwitch (64 bytes)
Event: 5117.273 Thread 0x0000000057869800 22848       4       com.android.dx.dex.code.RopTranslator$TranslationVisitor::visitSwitchInsn (237 bytes)
Event: 5117.291 Thread 0x0000000057861800 nmethod 22847 0x0000000004afc7d0 code [0x0000000004afc940, 0x0000000004afcf98]
Event: 5117.399 Thread 0x0000000057869800 nmethod 22848 0x000000000395cb90 code [0x000000000395ce40, 0x000000000395f718]
Event: 5117.433 Thread 0x0000000057868800 22849       4       java.util.ComparableTimSort::reverseRange (32 bytes)
Event: 5117.450 Thread 0x0000000057868800 nmethod 22849 0x0000000004ffc7d0 code [0x0000000004ffc920, 0x0000000004ffd0b8]

GC Heap History (10 events):
Event: 5116.656 GC heap after
Heap after GC invocations=182 (full 18):
 PSYoungGen      total 351744K, used 27506K [0x00000000e0000000, 0x0000000100000000, 0x0000000100000000)
  eden space 181248K, 0% used [0x00000000e0000000,0x00000000e0000000,0x00000000eb100000)
  from space 170496K, 16% used [0x00000000f5300000,0x00000000f6ddcb48,0x00000000ff980000)
  to   space 165888K, 0% used [0x00000000eb100000,0x00000000eb100000,0x00000000f5300000)
 ParOldGen       total 1048576K, used 812670K [0x00000000a0000000, 0x00000000e0000000, 0x00000000e0000000)
  object space 1048576K, 77% used [0x00000000a0000000,0x00000000d199fa00,0x00000000e0000000)
 Metaspace       used 69605K, capacity 72374K, committed 72880K, reserved 1114112K
  class space    used 8615K, capacity 9031K, committed 9136K, reserved 1048576K
}
Event: 5116.769 GC heap before
{Heap before GC invocations=183 (full 18):
 PSYoungGen      total 351744K, used 208754K [0x00000000e0000000, 0x0000000100000000, 0x0000000100000000)
  eden space 181248K, 100% used [0x00000000e0000000,0x00000000eb100000,0x00000000eb100000)
  from space 170496K, 16% used [0x00000000f5300000,0x00000000f6ddcb48,0x00000000ff980000)
  to   space 165888K, 0% used [0x00000000eb100000,0x00000000eb100000,0x00000000f5300000)
 ParOldGen       total 1048576K, used 812673K [0x00000000a0000000, 0x00000000e0000000, 0x00000000e0000000)
  object space 1048576K, 77% used [0x00000000a0000000,0x00000000d19a0530,0x00000000e0000000)
 Metaspace       used 69605K, capacity 72374K, committed 72880K, reserved 1114112K
  class space    used 8615K, capacity 9031K, committed 9136K, reserved 1048576K
Event: 5116.824 GC heap after
Heap after GC invocations=183 (full 18):
 PSYoungGen      total 347136K, used 27968K [0x00000000e0000000, 0x00000000ff180000, 0x0000000100000000)
  eden space 181248K, 0% used [0x00000000e0000000,0x00000000e0000000,0x00000000eb100000)
  from space 165888K, 16% used [0x00000000eb100000,0x00000000ecc50000,0x00000000f5300000)
  to   space 160768K, 0% used [0x00000000f5480000,0x00000000f5480000,0x00000000ff180000)
 ParOldGen       total 1048576K, used 839324K [0x00000000a0000000, 0x00000000e0000000, 0x00000000e0000000)
  object space 1048576K, 80% used [0x00000000a0000000,0x00000000d33a70b0,0x00000000e0000000)
 Metaspace       used 69605K, capacity 72374K, committed 72880K, reserved 1114112K
  class space    used 8615K, capacity 9031K, committed 9136K, reserved 1048576K
}
Event: 5116.950 GC heap before
{Heap before GC invocations=184 (full 18):
 PSYoungGen      total 347136K, used 209216K [0x00000000e0000000, 0x00000000ff180000, 0x0000000100000000)
  eden space 181248K, 100% used [0x00000000e0000000,0x00000000eb100000,0x00000000eb100000)
  from space 165888K, 16% used [0x00000000eb100000,0x00000000ecc50000,0x00000000f5300000)
  to   space 160768K, 0% used [0x00000000f5480000,0x00000000f5480000,0x00000000ff180000)
 ParOldGen       total 1048576K, used 839324K [0x00000000a0000000, 0x00000000e0000000, 0x00000000e0000000)
  object space 1048576K, 80% used [0x00000000a0000000,0x00000000d33a70b0,0x00000000e0000000)
 Metaspace       used 69605K, capacity 72374K, committed 72880K, reserved 1114112K
  class space    used 8615K, capacity 9031K, committed 9136K, reserved 1048576K
Event: 5116.994 GC heap after
Heap after GC invocations=184 (full 18):
 PSYoungGen      total 352768K, used 26641K [0x00000000e0000000, 0x00000000ff000000, 0x0000000100000000)
  eden space 193536K, 0% used [0x00000000e0000000,0x00000000e0000000,0x00000000ebd00000)
  from space 159232K, 16% used [0x00000000f5480000,0x00000000f6e84770,0x00000000ff000000)
  to   space 155136K, 0% used [0x00000000ebd00000,0x00000000ebd00000,0x00000000f5480000)
 ParOldGen       total 1048576K, used 866530K [0x00000000a0000000, 0x00000000e0000000, 0x00000000e0000000)
  object space 1048576K, 82% used [0x00000000a0000000,0x00000000d4e38880,0x00000000e0000000)
 Metaspace       used 69605K, capacity 72374K, committed 72880K, reserved 1114112K
  class space    used 8615K, capacity 9031K, committed 9136K, reserved 1048576K
}
Event: 5117.148 GC heap before
{Heap before GC invocations=185 (full 18):
 PSYoungGen      total 352768K, used 220177K [0x00000000e0000000, 0x00000000ff000000, 0x0000000100000000)
  eden space 193536K, 100% used [0x00000000e0000000,0x00000000ebd00000,0x00000000ebd00000)
  from space 159232K, 16% used [0x00000000f5480000,0x00000000f6e84770,0x00000000ff000000)
  to   space 155136K, 0% used [0x00000000ebd00000,0x00000000ebd00000,0x00000000f5480000)
 ParOldGen       total 1048576K, used 866530K [0x00000000a0000000, 0x00000000e0000000, 0x00000000e0000000)
  object space 1048576K, 82% used [0x00000000a0000000,0x00000000d4e38880,0x00000000e0000000)
 Metaspace       used 69605K, capacity 72374K, committed 72880K, reserved 1114112K
  class space    used 8615K, capacity 9031K, committed 9136K, reserved 1048576K
Event: 5117.191 GC heap after
Heap after GC invocations=185 (full 18):
 PSYoungGen      total 348672K, used 29088K [0x00000000e0000000, 0x00000000ff100000, 0x0000000100000000)
  eden space 193536K, 0% used [0x00000000e0000000,0x00000000e0000000,0x00000000ebd00000)
  from space 155136K, 18% used [0x00000000ebd00000,0x00000000ed968000,0x00000000f5480000)
  to   space 149504K, 0% used [0x00000000f5f00000,0x00000000f5f00000,0x00000000ff100000)
 ParOldGen       total 1048576K, used 891683K [0x00000000a0000000, 0x00000000e0000000, 0x00000000e0000000)
  object space 1048576K, 85% used [0x00000000a0000000,0x00000000d66c8fd0,0x00000000e0000000)
 Metaspace       used 69605K, capacity 72374K, committed 72880K, reserved 1114112K
  class space    used 8615K, capacity 9031K, committed 9136K, reserved 1048576K
}
Event: 5117.339 GC heap before
{Heap before GC invocations=186 (full 18):
 PSYoungGen      total 348672K, used 222624K [0x00000000e0000000, 0x00000000ff100000, 0x0000000100000000)
  eden space 193536K, 100% used [0x00000000e0000000,0x00000000ebd00000,0x00000000ebd00000)
  from space 155136K, 18% used [0x00000000ebd00000,0x00000000ed968000,0x00000000f5480000)
  to   space 149504K, 0% used [0x00000000f5f00000,0x00000000f5f00000,0x00000000ff100000)
 ParOldGen       total 1048576K, used 891683K [0x00000000a0000000, 0x00000000e0000000, 0x00000000e0000000)
  object space 1048576K, 85% used [0x00000000a0000000,0x00000000d66c8fd0,0x00000000e0000000)
 Metaspace       used 69605K, capacity 72374K, committed 72880K, reserved 1114112K
  class space    used 8615K, capacity 9031K, committed 9136K, reserved 1048576K
Event: 5117.395 GC heap after
Heap after GC invocations=186 (full 18):
 PSYoungGen      total 356352K, used 29948K [0x00000000e0000000, 0x00000000fe980000, 0x0000000100000000)
  eden space 214528K, 0% used [0x00000000e0000000,0x00000000e0000000,0x00000000ed180000)
  from space 141824K, 21% used [0x00000000f5f00000,0x00000000f7c3f348,0x00000000fe980000)
  to   space 143360K, 0% used [0x00000000ed180000,0x00000000ed180000,0x00000000f5d80000)
 ParOldGen       total 1048576K, used 919656K [0x00000000a0000000, 0x00000000e0000000, 0x00000000e0000000)
  object space 1048576K, 87% used [0x00000000a0000000,0x00000000d821a218,0x00000000e0000000)
 Metaspace       used 69605K, capacity 72374K, committed 72880K, reserved 1114112K
  class space    used 8615K, capacity 9031K, committed 9136K, reserved 1048576K
}
Event: 5117.536 GC heap before
{Heap before GC invocations=187 (full 18):
 PSYoungGen      total 356352K, used 244476K [0x00000000e0000000, 0x00000000fe980000, 0x0000000100000000)
  eden space 214528K, 100% used [0x00000000e0000000,0x00000000ed180000,0x00000000ed180000)
  from space 141824K, 21% used [0x00000000f5f00000,0x00000000f7c3f348,0x00000000fe980000)
  to   space 143360K, 0% used [0x00000000ed180000,0x00000000ed180000,0x00000000f5d80000)
 ParOldGen       total 1048576K, used 919656K [0x00000000a0000000, 0x00000000e0000000, 0x00000000e0000000)
  object space 1048576K, 87% used [0x00000000a0000000,0x00000000d821a218,0x00000000e0000000)
 Metaspace       used 69605K, capacity 72374K, committed 72880K, reserved 1114112K
  class space    used 8615K, capacity 9031K, committed 9136K, reserved 1048576K

Deoptimization events (10 events):
Event: 5104.145 Thread 0x000000005c176000 Uncommon trap: reason=array_check action=maybe_recompile pc=0x0000000005cee864 method=java.util.ComparableTimSort.mergeLo(IIII)V @ 81
Event: 5104.145 Thread 0x000000005c176000 Uncommon trap: reason=array_check action=maybe_recompile pc=0x0000000003181868 method=java.util.ComparableTimSort.mergeHi(IIII)V @ 101
Event: 5104.145 Thread 0x000000005c176000 Uncommon trap: reason=array_check action=maybe_recompile pc=0x0000000003181868 method=java.util.ComparableTimSort.mergeHi(IIII)V @ 101
Event: 5104.145 Thread 0x000000005c176000 Uncommon trap: reason=array_check action=maybe_recompile pc=0x0000000003181868 method=java.util.ComparableTimSort.mergeHi(IIII)V @ 101
Event: 5104.146 Thread 0x000000005c176000 Uncommon trap: reason=array_check action=maybe_recompile pc=0x0000000005546bf0 method=java.util.ComparableTimSort.mergeHi(IIII)V @ 245
Event: 5104.150 Thread 0x000000005c176000 Uncommon trap: reason=array_check action=maybe_recompile pc=0x0000000005546c70 method=java.util.ComparableTimSort.mergeHi(IIII)V @ 277
Event: 5104.153 Thread 0x000000005c176000 Uncommon trap: reason=array_check action=maybe_recompile pc=0x0000000005546bf0 method=java.util.ComparableTimSort.mergeHi(IIII)V @ 245
Event: 5104.553 Thread 0x000000005c176000 Uncommon trap: reason=bimorphic action=maybe_recompile pc=0x0000000005790bf0 method=org.gradle.util.CollectionUtils.join(Ljava/lang/String;Ljava/lang/Iterable;)Ljava/lang/String; @ 37
Event: 5110.807 Thread 0x000000005c2ad800 Uncommon trap: reason=speculate_class_check action=maybe_recompile pc=0x0000000005503858 method=com.android.dx.rop.cst.TypedConstant.getBasicType()I @ 1
Event: 5110.811 Thread 0x000000005c2ad800 Uncommon trap: reason=speculate_class_check action=maybe_recompile pc=0x0000000005503858 method=com.android.dx.rop.cst.TypedConstant.getBasicType()I @ 1

Internal exceptions (10 events):
Event: 5095.427 Thread 0x000000005c176000 Exception <a 'sun/nio/fs/WindowsException'> (0x00000000e51ebff0) thrown at [C:\src\android\AOSP-openjdk\external\jetbrains\jdk\hotspot\src\share\vm\prims\jni.cpp, line 709]
Event: 5095.427 Thread 0x000000005c176000 Exception <a 'sun/nio/fs/WindowsException'> (0x00000000e51ecbc0) thrown at [C:\src\android\AOSP-openjdk\external\jetbrains\jdk\hotspot\src\share\vm\prims\jni.cpp, line 709]
Event: 5095.427 Thread 0x000000005c176000 Exception <a 'sun/nio/fs/WindowsException'> (0x00000000e51ef5d8) thrown at [C:\src\android\AOSP-openjdk\external\jetbrains\jdk\hotspot\src\share\vm\prims\jni.cpp, line 709]
Event: 5095.427 Thread 0x000000005c176000 Exception <a 'sun/nio/fs/WindowsException'> (0x00000000e51f01d8) thrown at [C:\src\android\AOSP-openjdk\external\jetbrains\jdk\hotspot\src\share\vm\prims\jni.cpp, line 709]
Event: 5095.427 Thread 0x000000005c176000 Exception <a 'sun/nio/fs/WindowsException'> (0x00000000e51f1e18) thrown at [C:\src\android\AOSP-openjdk\external\jetbrains\jdk\hotspot\src\share\vm\prims\jni.cpp, line 709]
Event: 5095.427 Thread 0x000000005c176000 Exception <a 'sun/nio/fs/WindowsException'> (0x00000000e51f2a50) thrown at [C:\src\android\AOSP-openjdk\external\jetbrains\jdk\hotspot\src\share\vm\prims\jni.cpp, line 709]
Event: 5095.427 Thread 0x000000005c176000 Exception <a 'sun/nio/fs/WindowsException'> (0x00000000e51f5628) thrown at [C:\src\android\AOSP-openjdk\external\jetbrains\jdk\hotspot\src\share\vm\prims\jni.cpp, line 709]
Event: 5095.428 Thread 0x000000005c176000 Exception <a 'sun/nio/fs/WindowsException'> (0x00000000e51f62a0) thrown at [C:\src\android\AOSP-openjdk\external\jetbrains\jdk\hotspot\src\share\vm\prims\jni.cpp, line 709]
Event: 5095.428 Thread 0x000000005c176000 Exception <a 'sun/nio/fs/WindowsException'> (0x00000000e51f7f58) thrown at [C:\src\android\AOSP-openjdk\external\jetbrains\jdk\hotspot\src\share\vm\prims\jni.cpp, line 709]
Event: 5095.428 Thread 0x000000005c176000 Exception <a 'sun/nio/fs/WindowsException'> (0x00000000e51f8c08) thrown at [C:\src\android\AOSP-openjdk\external\jetbrains\jdk\hotspot\src\share\vm\prims\jni.cpp, line 709]

Events (10 events):
Event: 5117.256 Executing VM operation: RevokeBias done
Event: 5117.263 Executing VM operation: RevokeBias
Event: 5117.263 Executing VM operation: RevokeBias done
Event: 5117.292 Thread 0x0000000057861800 flushing nmethod 0x000000000395b7d0
Event: 5117.292 Thread 0x0000000057861800 flushing nmethod 0x00000000039cd4d0
Event: 5117.338 Executing VM operation: ParallelGCFailedAllocation
Event: 5117.395 Executing VM operation: ParallelGCFailedAllocation done
Event: 5117.399 Thread 0x0000000057869800 flushing nmethod 0x0000000003c16f50
Event: 5117.451 Thread 0x0000000057868800 flushing nmethod 0x00000000040cd110
Event: 5117.536 Executing VM operation: ParallelGCFailedAllocation


Dynamic libraries:
0x000000013f1d0000 - 0x000000013f201000 	D:\Program Files\Android\Android Studio\jre\bin\java.exe
0x0000000077b50000 - 0x0000000077cf9000 	C:\Windows\SYSTEM32\ntdll.dll
0x0000000077a30000 - 0x0000000077b4f000 	C:\Windows\system32\kernel32.dll
0x000007fefdb90000 - 0x000007fefdbfb000 	C:\Windows\system32\KERNELBASE.dll
0x000007fefe650000 - 0x000007fefe72b000 	C:\Windows\system32\ADVAPI32.dll
0x000007fefe510000 - 0x000007fefe5af000 	C:\Windows\system32\msvcrt.dll
0x000007fefe4f0000 - 0x000007fefe50f000 	C:\Windows\SYSTEM32\sechost.dll
0x000007fefea90000 - 0x000007fefebbd000 	C:\Windows\system32\RPCRT4.dll
0x0000000077930000 - 0x0000000077a2a000 	C:\Windows\system32\USER32.dll
0x000007fefea10000 - 0x000007fefea77000 	C:\Windows\system32\GDI32.dll
0x000007fefea80000 - 0x000007fefea8e000 	C:\Windows\system32\LPK.dll
0x000007fefe730000 - 0x000007fefe7f9000 	C:\Windows\system32\USP10.dll
0x000007fefc540000 - 0x000007fefc734000 	C:\Windows\WinSxS\amd64_microsoft.windows.common-controls_6595b64144ccf1df_6.0.7601.17514_none_fa396087175ac9ac\COMCTL32.dll
0x000007fefe930000 - 0x000007fefe9a1000 	C:\Windows\system32\SHLWAPI.dll
0x000007fefe310000 - 0x000007fefe33e000 	C:\Windows\system32\IMM32.DLL
0x000007feffd50000 - 0x000007feffe59000 	C:\Windows\system32\MSCTF.dll
0x000007fefda70000 - 0x000007fefdaa0000 	C:\Windows\system32\nvinitx.dll
0x000007fefda60000 - 0x000007fefda6c000 	C:\Windows\system32\VERSION.dll
0x0000000073f60000 - 0x0000000073f66000 	C:\Program Files\NVIDIA Corporation\CoProcManager\detoured.dll
0x000007fef9b10000 - 0x000007fef9b48000 	C:\Program Files\NVIDIA Corporation\CoProcManager\nvd3d9wrapx.dll
0x000007feff950000 - 0x000007feffb27000 	C:\Windows\system32\SETUPAPI.dll
0x000007fefde30000 - 0x000007fefde66000 	C:\Windows\system32\CFGMGR32.dll
0x000007fefe410000 - 0x000007fefe4e7000 	C:\Windows\system32\OLEAUT32.dll
0x000007feffb30000 - 0x000007feffd33000 	C:\Windows\system32\ole32.dll
0x000007fefde10000 - 0x000007fefde2a000 	C:\Windows\system32\DEVOBJ.dll
0x000007fef9ae0000 - 0x000007fef9b04000 	C:\Program Files\NVIDIA Corporation\CoProcManager\nvdxgiwrapx.dll
0x00000000707a0000 - 0x0000000070872000 	D:\Program Files\Android\Android Studio\jre\jre\bin\msvcr100.dll
0x000000006a4d0000 - 0x000000006ad04000 	D:\Program Files\Android\Android Studio\jre\jre\bin\server\jvm.dll
0x000007fef8310000 - 0x000007fef8319000 	C:\Windows\system32\WSOCK32.dll
0x000007fefe340000 - 0x000007fefe38d000 	C:\Windows\system32\WS2_32.dll
0x000007feffd40000 - 0x000007feffd48000 	C:\Windows\system32\NSI.dll
0x000007fefb890000 - 0x000007fefb8cb000 	C:\Windows\system32\WINMM.dll
0x0000000077d20000 - 0x0000000077d27000 	C:\Windows\system32\PSAPI.DLL
0x000007feefe30000 - 0x000007feefe3f000 	D:\Program Files\Android\Android Studio\jre\jre\bin\verify.dll
0x000007feef470000 - 0x000007feef499000 	D:\Program Files\Android\Android Studio\jre\jre\bin\java.dll
0x000007feef450000 - 0x000007feef466000 	D:\Program Files\Android\Android Studio\jre\jre\bin\zip.dll
0x000007fefebc0000 - 0x000007feff948000 	C:\Windows\system32\SHELL32.dll
0x000007fefdaa0000 - 0x000007fefdaaf000 	C:\Windows\system32\profapi.dll
0x000007feebd30000 - 0x000007feebd4a000 	D:\Program Files\Android\Android Studio\jre\jre\bin\net.dll
0x000007fefd290000 - 0x000007fefd2e5000 	C:\Windows\system32\mswsock.dll
0x000007fefd280000 - 0x000007fefd287000 	C:\Windows\System32\wship6.dll
0x000007feebba0000 - 0x000007feebbb1000 	D:\Program Files\Android\Android Studio\jre\jre\bin\nio.dll
0x000007feeb230000 - 0x000007feeb242000 	C:\Users\Valentin\.gradle\native\19\windows-amd64\native-platform.dll
0x000007fefd2f0000 - 0x000007fefd307000 	C:\Windows\system32\CRYPTSP.dll
0x000007fefcff0000 - 0x000007fefd037000 	C:\Windows\system32\rsaenh.dll
0x000007fefcdb0000 - 0x000007fefcdce000 	C:\Windows\system32\USERENV.dll
0x000007fefd950000 - 0x000007fefd95f000 	C:\Windows\system32\CRYPTBASE.dll
0x000007fefb450000 - 0x000007fefb477000 	C:\Windows\system32\IPHLPAPI.DLL
0x000007fefb440000 - 0x000007fefb44b000 	C:\Windows\system32\WINNSI.DLL
0x000007fefaf80000 - 0x000007fefaf98000 	C:\Windows\system32\dhcpcsvc.DLL
0x000007fefaf60000 - 0x000007fefaf71000 	C:\Windows\system32\dhcpcsvc6.DLL
0x000007feef330000 - 0x000007feef33d000 	D:\Program Files\Android\Android Studio\jre\jre\bin\management.dll
0x000007fefd8f0000 - 0x000007fefd947000 	C:\Windows\system32\apphelp.dll
0x000007feeb870000 - 0x000007feeb894000 	D:\Program Files\Android\Android Studio\jre\jre\bin\sunec.dll
0x000007feefdc0000 - 0x000007feefdcb000 	D:\Program Files\Android\Android Studio\jre\jre\bin\sunmscapi.dll
0x000007fefdc00000 - 0x000007fefdd67000 	C:\Windows\system32\CRYPT32.dll
0x000007fefdb40000 - 0x000007fefdb4f000 	C:\Windows\system32\MSASN1.dll
0x000007fef5f50000 - 0x000007fef6075000 	C:\Windows\system32\dbghelp.dll

VM Arguments:
jvm_args: -Xmx1536m -Dfile.encoding=windows-1252 -Duser.country=US -Duser.language=en -Duser.variant 
java_command: org.gradle.launcher.daemon.bootstrap.GradleDaemon 2.14.1
java_class_path (initial): D:\Program Files\Android\Android Studio\gradle\gradle-2.14.1\lib\gradle-launcher-2.14.1.jar
Launcher Type: SUN_STANDARD

Environment Variables:
PATH=C:\Windows\system32;C:\Windows;C:\Windows\System32\Wbem;C:\Windows\System32\WindowsPowerShell\v1.0\;C:\Program Files (x86)\Intel\OpenCL SDK\2.0\bin\x86;C:\Program Files (x86)\Intel\OpenCL SDK\2.0\bin\x64;C:\Program Files (x86)\NVIDIA Corporation\PhysX\Common;C:\Program Files (x86)\QuickTime\QTSystem\
USERNAME=Valentin
OS=Windows_NT
PROCESSOR_IDENTIFIER=Intel64 Family 6 Model 42 Stepping 7, GenuineIntel



---------------  S Y S T E M  ---------------

OS: Windows 7 , 64 bit Build 7601 (6.1.7601.17514)

CPU:total 8 (4 cores per cpu, 2 threads per core) family 6 model 42 stepping 7, cmov, cx8, fxsr, mmx, sse, sse2, sse3, ssse3, sse4.1, sse4.2, popcnt, avx, aes, clmul, ht, tsc, tscinvbit

Memory: 4k page, physical 8293552k(1161324k free), swap 16585260k(7111272k free)

vm_info: OpenJDK 64-Bit Server VM (25.76-b03) for windows-amd64 JRE (1.8.0_76-release-b03), built on Jun 29 2016 19:09:20 by "ralucas" with MS VC++ 10.0 (VS2010)

time: Wed Dec 07 03:07:49 2016
elapsed time: 5117 seconds (0d 1h 25m 17s)

