#
# A fatal error has been detected by the Java Runtime Environment:
#
#  EXCEPTION_ACCESS_VIOLATION (0xc0000005) at pc=0x000000006a559cc0, pid=7528, tid=0x0000000000001514
#
# JRE version: OpenJDK Runtime Environment (8.0_76-b03) (build 1.8.0_76-release-b03)
# Java VM: OpenJDK 64-Bit Server VM (25.76-b03 mixed mode windows-amd64 compressed oops)
# Problematic frame:
# V  [jvm.dll+0x89cc0]
#
# Failed to write core dump. Minidumps are not enabled by default on client versions of Windows
#
# If you would like to submit a bug report, please visit:
#   http://bugreport.java.com/bugreport/crash.jsp
#

---------------  T H R E A D  ---------------

Current thread (0x0000000002117800):  GCTaskThread [stack: 0x00000000122f0000,0x00000000123f0000] [id=5396]

siginfo: ExceptionCode=0xc0000005, reading address 0x00000000122c5380

Registers:
RAX=0x0000000000000001, RBX=0x00000000fad30058, RCX=0x00000000fad30058, RDX=0x00000000122c5378
RSP=0x00000000123ef6a8, RBP=0x0000000000000000, RSI=0x0000000057630f40, RDI=0x000000005ae4de30
R8 =0x0000000057630f40, R9 =0x00000000ecb81e28, R10=0x000000000000000c, R11=0x000000000000000c
R12=0x000000006aadd410, R13=0x000000000000001d, R14=0x0000000000000000, R15=0x0000000002117d30
RIP=0x000000006a559cc0, EFLAGS=0x0000000000010206

Top of Stack: (sp=0x00000000123ef6a8)
0x00000000123ef6a8:   000000006a897792 00000000fad30040
0x00000000123ef6b8:   0000000057630f40 0000000057630f40
0x00000000123ef6c8:   000000000210b300 00000000ee092b60
0x00000000123ef6d8:   0000000000001000 00000000ebaadefc
0x00000000123ef6e8:   0000000000000000 0000000000000000
0x00000000123ef6f8:   000000000210b301 000000006aadd410
0x00000000123ef708:   000000006a897b00 00000000ee0968f8
0x00000000123ef718:   0000000000000000 0000000057630f40
0x00000000123ef728:   000000005ae4de30 00000000ee0968f8
0x00000000123ef738:   000000006a8984d5 00000000faca7c18
0x00000000123ef748:   0000000000000000 0000000057630f40
0x00000000123ef758:   000000006a897a11 00000000faae3720
0x00000000123ef768:   0000000000000005 0000000057630f40
0x00000000123ef778:   00012f4d00014b29 0000000002117d20
0x00000000123ef788:   00012f4d00014b2a 000000000225d190
0x00000000123ef798:   00012f4d00014b29 0000000002117d20 

Instructions: (pc=0x000000006a559cc0)
0x000000006a559ca0:   ac 3a 1d 00 48 8b 9c 24 c0 00 00 00 48 81 c4 b0
0x000000006a559cb0:   00 00 00 5d c3 cc cc cc cc cc cc cc cc cc cc cc
0x000000006a559cc0:   44 8b 42 08 4c 8b ca 45 85 c0 7e 0e 41 f6 c0 01
0x000000006a559cd0:   75 57 41 c1 f8 03 41 8b c0 c3 79 4d 80 3d be 5f 


Register to memory mapping:

RAX=0x0000000000000001 is an unknown value
RBX=0x00000000fad30058 is an oop

[error occurred during error reporting (printing register info), id 0xc0000005]

Stack: [0x00000000122f0000,0x00000000123f0000],  sp=0x00000000123ef6a8,  free space=1021k
Native frames: (J=compiled Java code, j=interpreted, Vv=VM code, C=native code)


---------------  P R O C E S S  ---------------

Java Threads: ( => current thread )
  0x0000000062051000 JavaThread "pool-20-thread-4" [_thread_blocked, id=2944, stack(0x000000006e770000,0x000000006e870000)]
  0x000000005ac57000 JavaThread "pool-20-thread-3" [_thread_blocked, id=6752, stack(0x0000000067770000,0x0000000067870000)]
  0x000000005e840000 JavaThread "pool-20-thread-2" [_thread_blocked, id=7012, stack(0x000000006e5b0000,0x000000006e6b0000)]
  0x000000005e83f000 JavaThread "pool-21-thread-1" [_thread_blocked, id=5204, stack(0x000000005fbb0000,0x000000005fcb0000)]
  0x000000005e83c000 JavaThread "pool-20-thread-1" [_thread_blocked, id=2532, stack(0x00000000670f0000,0x00000000671f0000)]
  0x000000005dcc7800 JavaThread "pool-3-thread-3" [_thread_blocked, id=7772, stack(0x000000006b650000,0x000000006b750000)]
  0x000000005dcbf800 JavaThread "Stdin handler" [_thread_blocked, id=6356, stack(0x00000000626e0000,0x00000000627e0000)]
  0x000000005dcc1800 JavaThread "Asynchronous log dispatcher for org.gradle.launcher.daemon.server.DefaultDaemonConnection@5a190828" [_thread_blocked, id=6304, stack(0x000000005b800000,0x000000005b900000)]
  0x000000005dcc2800 JavaThread "Daemon worker Thread 5" [_thread_blocked, id=6484, stack(0x000000005b980000,0x000000005ba80000)]
  0x000000005dcc1000 JavaThread "Cancel handler" [_thread_blocked, id=1724, stack(0x000000005b690000,0x000000005b790000)]
  0x000000005dcc0000 JavaThread "Handler for socket connection from /127.0.0.1:54958 to /127.0.0.1:57397" [_thread_in_native, id=6460, stack(0x00000000593b0000,0x00000000594b0000)]
  0x000000005dcc4000 JavaThread "Daemon Thread 5" [_thread_blocked, id=9056, stack(0x0000000059fd0000,0x000000005a0d0000)]
  0x000000005e83b800 JavaThread "pool-3-thread-2" [_thread_blocked, id=2792, stack(0x0000000068f30000,0x0000000069030000)]
  0x000000005e83a800 JavaThread "stdout" daemon [_thread_in_native, id=2948, stack(0x000000006e1a0000,0x000000006e2a0000)]
  0x000000005e83a000 JavaThread "stderr" daemon [_thread_in_native, id=6288, stack(0x000000006ded0000,0x000000006dfd0000)]
  0x000000005e839000 JavaThread "stdout" daemon [_thread_in_native, id=2780, stack(0x000000006e000000,0x000000006e100000)]
  0x000000005efe5000 JavaThread "stderr" daemon [_thread_in_native, id=6856, stack(0x000000006ddd0000,0x000000006ded0000)]
  0x000000005efe4000 JavaThread "stdout" daemon [_thread_in_native, id=1716, stack(0x000000006dcd0000,0x000000006ddd0000)]
  0x000000005efe3800 JavaThread "stderr" daemon [_thread_in_native, id=5736, stack(0x000000006db10000,0x000000006dc10000)]
  0x000000005efe2800 JavaThread "stdout" daemon [_thread_in_native, id=8680, stack(0x000000006d950000,0x000000006da50000)]
  0x000000005efe2000 JavaThread "stderr" daemon [_thread_in_native, id=8636, stack(0x000000006d820000,0x000000006d920000)]
  0x000000005efe1000 JavaThread "stdout" daemon [_thread_in_native, id=4448, stack(0x000000006d390000,0x000000006d490000)]
  0x000000005efe0800 JavaThread "stderr" daemon [_thread_in_native, id=6132, stack(0x000000006d6d0000,0x000000006d7d0000)]
  0x000000005efdf800 JavaThread "stdout" daemon [_thread_in_native, id=9092, stack(0x0000000069e10000,0x0000000069f10000)]
  0x000000005efdf000 JavaThread "stderr" daemon [_thread_in_native, id=4224, stack(0x000000006d4d0000,0x000000006d5d0000)]
  0x000000005efde000 JavaThread "stdout" daemon [_thread_in_native, id=8296, stack(0x000000006d260000,0x000000006d360000)]
  0x000000006031c000 JavaThread "stderr" daemon [_thread_in_native, id=4132, stack(0x000000006cd30000,0x000000006ce30000)]
  0x000000006031b800 JavaThread "stdout" daemon [_thread_in_native, id=2020, stack(0x000000006d120000,0x000000006d220000)]
  0x000000006031a800 JavaThread "stderr" daemon [_thread_in_native, id=2960, stack(0x000000006d000000,0x000000006d100000)]
  0x000000006031a000 JavaThread "stdout" daemon [_thread_in_native, id=2420, stack(0x000000006cea0000,0x000000006cfa0000)]
  0x0000000060319000 JavaThread "stderr" daemon [_thread_in_native, id=4488, stack(0x000000006cc30000,0x000000006cd30000)]
  0x0000000060318000 JavaThread "stdout" daemon [_thread_in_native, id=144, stack(0x000000006cb30000,0x000000006cc30000)]
  0x0000000060317800 JavaThread "stderr" daemon [_thread_in_native, id=4544, stack(0x000000006c9f0000,0x000000006caf0000)]
  0x0000000060316800 JavaThread "stdout" daemon [_thread_in_native, id=6676, stack(0x000000006c800000,0x000000006c900000)]
  0x0000000060316000 JavaThread "stderr" daemon [_thread_in_native, id=8428, stack(0x000000006bdc0000,0x000000006bec0000)]
  0x0000000060315000 JavaThread "stdout" daemon [_thread_in_native, id=1972, stack(0x000000006c6b0000,0x000000006c7b0000)]
  0x0000000061cbf800 JavaThread "stderr" daemon [_thread_in_native, id=8356, stack(0x000000006c520000,0x000000006c620000)]
  0x0000000061cbe800 JavaThread "stdout" daemon [_thread_in_native, id=7404, stack(0x000000006c420000,0x000000006c520000)]
  0x0000000061cbe000 JavaThread "stderr" daemon [_thread_in_native, id=2644, stack(0x000000006c230000,0x000000006c330000)]
  0x0000000061cbd000 JavaThread "stdout" daemon [_thread_in_native, id=1000, stack(0x000000006c130000,0x000000006c230000)]
  0x0000000061cbc800 JavaThread "stderr" daemon [_thread_in_native, id=4824, stack(0x000000006bfe0000,0x000000006c0e0000)]
  0x0000000061cbb800 JavaThread "stdout" daemon [_thread_in_native, id=148, stack(0x000000006bec0000,0x000000006bfc0000)]
  0x0000000061cbb000 JavaThread "stderr" daemon [_thread_in_native, id=3780, stack(0x000000006bc70000,0x000000006bd70000)]
  0x0000000061cba000 JavaThread "stdout" daemon [_thread_in_native, id=3460, stack(0x000000006ba80000,0x000000006bb80000)]
  0x0000000061cb9800 JavaThread "stderr" daemon [_thread_in_native, id=2736, stack(0x000000006ad10000,0x000000006ae10000)]
  0x0000000061cb8800 JavaThread "stdout" daemon [_thread_in_native, id=260, stack(0x000000006b930000,0x000000006ba30000)]
  0x00000000606af000 JavaThread "stderr" daemon [_thread_in_native, id=4688, stack(0x000000006b7c0000,0x000000006b8c0000)]
  0x00000000606ae800 JavaThread "stdout" daemon [_thread_in_native, id=3056, stack(0x000000006b520000,0x000000006b620000)]
  0x00000000606ad800 JavaThread "stderr" daemon [_thread_in_native, id=300, stack(0x000000006b3a0000,0x000000006b4a0000)]
  0x00000000606ad000 JavaThread "stdout" daemon [_thread_in_native, id=2260, stack(0x000000006b210000,0x000000006b310000)]
  0x00000000606ac000 JavaThread "stderr" daemon [_thread_in_native, id=9048, stack(0x000000006a360000,0x000000006a460000)]
  0x00000000606ab800 JavaThread "stdout" daemon [_thread_in_native, id=7032, stack(0x000000006b010000,0x000000006b110000)]
  0x00000000606aa800 JavaThread "stderr" daemon [_thread_in_native, id=4316, stack(0x000000006ae10000,0x000000006af10000)]
  0x00000000606aa000 JavaThread "stdout" daemon [_thread_in_native, id=5896, stack(0x000000006a240000,0x000000006a340000)]
  0x00000000606a9000 JavaThread "stderr" daemon [_thread_in_native, id=5744, stack(0x0000000068560000,0x0000000068660000)]
  0x00000000606a8800 JavaThread "stdout" daemon [_thread_in_native, id=4696, stack(0x000000006a060000,0x000000006a160000)]
  0x000000005ac5d000 JavaThread "stderr" daemon [_thread_in_native, id=5584, stack(0x0000000069f30000,0x000000006a030000)]
  0x000000005ac5c000 JavaThread "png-cruncher_24" daemon [_thread_blocked, id=2564, stack(0x0000000069af0000,0x0000000069bf0000)]
  0x000000005ac5b800 JavaThread "png-cruncher_23" daemon [_thread_blocked, id=6200, stack(0x0000000069380000,0x0000000069480000)]
  0x000000005ac5a800 JavaThread "png-cruncher_22" daemon [_thread_blocked, id=6984, stack(0x0000000069980000,0x0000000069a80000)]
  0x000000005ac5a000 JavaThread "png-cruncher_21" daemon [_thread_blocked, id=4504, stack(0x0000000068d10000,0x0000000068e10000)]
  0x000000005ac59000 JavaThread "png-cruncher_20" daemon [_thread_blocked, id=5004, stack(0x00000000697c0000,0x00000000698c0000)]
  0x000000005ac58800 JavaThread "png-cruncher_19" daemon [_thread_blocked, id=1340, stack(0x0000000069580000,0x0000000069680000)]
  0x000000005ac57800 JavaThread "png-cruncher_18" daemon [_thread_blocked, id=6160, stack(0x0000000069690000,0x0000000069790000)]
  0x000000005dcc9000 JavaThread "png-cruncher_17" daemon [_thread_blocked, id=8384, stack(0x0000000069480000,0x0000000069580000)]
  0x000000005ac56000 JavaThread "png-cruncher_16" daemon [_thread_blocked, id=6196, stack(0x0000000069260000,0x0000000069360000)]
  0x0000000060c59000 JavaThread "png-cruncher_15" daemon [_thread_blocked, id=6616, stack(0x00000000690a0000,0x00000000691a0000)]
  0x0000000060c58800 JavaThread "png-cruncher_14" daemon [_thread_blocked, id=6580, stack(0x0000000068e20000,0x0000000068f20000)]
  0x0000000060c57800 JavaThread "png-cruncher_13" daemon [_thread_blocked, id=6572, stack(0x00000000688f0000,0x00000000689f0000)]
  0x0000000060c57000 JavaThread "png-cruncher_12" daemon [_thread_blocked, id=6564, stack(0x0000000068c00000,0x0000000068d00000)]
  0x0000000060c56000 JavaThread "png-cruncher_11" daemon [_thread_blocked, id=6560, stack(0x0000000068a80000,0x0000000068b80000)]
  0x0000000060c55800 JavaThread "png-cruncher_10" daemon [_thread_blocked, id=6556, stack(0x00000000687d0000,0x00000000688d0000)]
  0x0000000060c54800 JavaThread "png-cruncher_9" daemon [_thread_blocked, id=6552, stack(0x00000000642a0000,0x00000000643a0000)]
  0x0000000060c54000 JavaThread "stdout" daemon [_thread_in_native, id=6548, stack(0x0000000068670000,0x0000000068770000)]
  0x0000000060c53000 JavaThread "stderr" daemon [_thread_in_native, id=6544, stack(0x0000000067bf0000,0x0000000067cf0000)]
  0x0000000060c52800 JavaThread "stdout" daemon [_thread_in_native, id=6492, stack(0x0000000068450000,0x0000000068550000)]
  0x0000000062058000 JavaThread "stderr" daemon [_thread_in_native, id=6536, stack(0x000000005be50000,0x000000005bf50000)]
  0x0000000062057800 JavaThread "png-cruncher_8" daemon [_thread_blocked, id=9124, stack(0x00000000679a0000,0x0000000067aa0000)]
  0x0000000062056800 JavaThread "png-cruncher_7" daemon [_thread_blocked, id=6312, stack(0x0000000068310000,0x0000000068410000)]
  0x0000000062056000 JavaThread "png-cruncher_6" daemon [_thread_blocked, id=7788, stack(0x00000000681c0000,0x00000000682c0000)]
  0x0000000062055000 JavaThread "png-cruncher_5" daemon [_thread_blocked, id=8696, stack(0x0000000068030000,0x0000000068130000)]
  0x0000000062054800 JavaThread "png-cruncher_4" daemon [_thread_blocked, id=8720, stack(0x0000000067ee0000,0x0000000067fe0000)]
  0x0000000062053800 JavaThread "png-cruncher_3" daemon [_thread_blocked, id=5776, stack(0x0000000067d00000,0x0000000067e00000)]
  0x0000000062053000 JavaThread "png-cruncher_2" daemon [_thread_blocked, id=7236, stack(0x0000000067ae0000,0x0000000067be0000)]
  0x0000000062052000 JavaThread "png-cruncher_1" daemon [_thread_blocked, id=6216, stack(0x0000000067870000,0x0000000067970000)]
  0x000000005dcbe800 JavaThread "pool-3-thread-1" [_thread_blocked, id=5140, stack(0x0000000060ce0000,0x0000000060de0000)]
  0x000000005dcbc800 JavaThread "File lock request listener" [_thread_in_native, id=8484, stack(0x000000005bd50000,0x000000005be50000)]
  0x000000005a9ce800 JavaThread "pool-1-thread-1" [_thread_blocked, id=6260, stack(0x0000000059df0000,0x0000000059ef0000)]
  0x000000005aa69000 JavaThread "Incoming local TCP Connector on port 54958" [_thread_in_native, id=7184, stack(0x000000005b310000,0x000000005b410000)]
  0x000000005771e800 JavaThread "Service Thread" daemon [_thread_blocked, id=5684, stack(0x00000000592b0000,0x00000000593b0000)]
  0x0000000057699000 JavaThread "C1 CompilerThread3" daemon [_thread_blocked, id=8416, stack(0x0000000059030000,0x0000000059130000)]
  0x0000000057694800 JavaThread "C2 CompilerThread2" daemon [_thread_blocked, id=8480, stack(0x0000000059150000,0x0000000059250000)]
  0x0000000057689000 JavaThread "C2 CompilerThread1" daemon [_thread_in_native, id=6468, stack(0x0000000058740000,0x0000000058840000)]
  0x000000005767c000 JavaThread "C2 CompilerThread0" daemon [_thread_blocked, id=9188, stack(0x0000000058ee0000,0x0000000058fe0000)]
  0x000000005767a000 JavaThread "Attach Listener" daemon [_thread_blocked, id=6252, stack(0x0000000058de0000,0x0000000058ee0000)]
  0x0000000057679000 JavaThread "Signal Dispatcher" daemon [_thread_blocked, id=4644, stack(0x0000000058c00000,0x0000000058d00000)]
  0x00000000565cc800 JavaThread "Finalizer" daemon [_thread_blocked, id=8216, stack(0x00000000589f0000,0x0000000058af0000)]
  0x000000000218f000 JavaThread "Reference Handler" daemon [_thread_blocked, id=2212, stack(0x00000000588d0000,0x00000000589d0000)]
  0x000000000225d800 JavaThread "main" [_thread_blocked, id=8800, stack(0x00000000024d0000,0x00000000025d0000)]

Other Threads:
  0x000000000218c000 VMThread [stack: 0x0000000058630000,0x0000000058730000] [id=2272]
  0x00000000576dd000 WatcherThread [stack: 0x00000000594f0000,0x00000000595f0000] [id=6776]

=>0x0000000002117800 (exited) GCTaskThread [stack: 0x00000000122f0000,0x00000000123f0000] [id=5396]

VM state:at safepoint (normal execution)

VM Mutex/Monitor currently owned by a thread:  ([mutex/lock_event])
[0x000000000225bf90] Threads_lock - owner thread: 0x000000000218c000
[0x000000000225c490] Heap_lock - owner thread: 0x000000005e83c000

Heap:
 PSYoungGen      total 339456K, used 311124K [0x00000000e0000000, 0x0000000100000000, 0x0000000100000000)
  eden space 175104K, 100% used [0x00000000e0000000,0x00000000eab00000,0x00000000eab00000)
  from space 164352K, 82% used [0x00000000f5f80000,0x00000000fe4552a8,0x0000000100000000)
  to   space 174592K, 36% used [0x00000000eab00000,0x00000000ee94ab60,0x00000000f5580000)
 ParOldGen       total 974848K, used 111097K [0x00000000a0000000, 0x00000000db800000, 0x00000000e0000000)
  object space 974848K, 11% used [0x00000000a0000000,0x00000000a6c7e558,0x00000000db800000)
 Metaspace       used 87275K, capacity 91808K, committed 92160K, reserved 1128448K
  class space    used 11258K, capacity 12185K, committed 12288K, reserved 1048576K

Card table byte_map: [0x0000000011990000,0x0000000011ca0000] byte_map_base: 0x0000000011490000

Marking Bits: (ParMarkBitMap*) 0x000000006ac89d00
 Begin Bits: [0x00000000128e0000, 0x00000000140e0000)
 End Bits:   [0x00000000140e0000, 0x00000000158e0000)

Polling page: 0x0000000000220000

CodeCache: size=245760Kb used=59274Kb max_used=59301Kb free=186485Kb
 bounds [0x00000000025d0000, 0x0000000006030000, 0x00000000115d0000]
 total_blobs=16971 nmethods=16196 adapters=686
 compilation: enabled

Compilation events (10 events):
Event: 782.282 Thread 0x0000000057699000 nmethod 22812 0x00000000039eb350 code [0x00000000039eb560, 0x00000000039ebf68]
Event: 782.296 Thread 0x0000000057699000 22813       3       com.android.dx.dex.file.AnnotationsDirectoryItem::setClassAnnotations (45 bytes)
Event: 782.296 Thread 0x0000000057699000 nmethod 22813 0x0000000002d16e90 code [0x0000000002d17020, 0x0000000002d17428]
Event: 782.318 Thread 0x0000000057694800 22814       4       com.android.dx.rop.code.SwitchInsn::<init> (49 bytes)
Event: 782.320 Thread 0x0000000057694800 nmethod 22814 0x0000000003892c10 code [0x0000000003892d60, 0x0000000003892ed8]
Event: 782.416 Thread 0x000000005767c000 nmethod 22805 0x000000000601a3d0 code [0x000000000601a9a0, 0x000000000601f330]
Event: 782.476 Thread 0x0000000057694800 22815       4       com.android.dx.rop.cst.CstLiteral32::compareTo0 (30 bytes)
Event: 782.477 Thread 0x0000000057694800 nmethod 22815 0x0000000005251fd0 code [0x0000000005252100, 0x00000000052521b8]
Event: 782.683 Thread 0x0000000057699000 22816       3       java.util.concurrent.ThreadPoolExecutor$CallerRunsPolicy::rejectedExecution (14 bytes)
Event: 782.684 Thread 0x0000000057699000 nmethod 22816 0x000000000560bd10 code [0x000000000560bea0, 0x000000000560c368]

GC Heap History (10 events):
Event: 781.839 GC heap after
Heap after GC invocations=136 (full 14):
 PSYoungGen      total 333824K, used 31967K [0x00000000e0000000, 0x00000000ff080000, 0x0000000100000000)
  eden space 176640K, 0% used [0x00000000e0000000,0x00000000e0000000,0x00000000eac80000)
  from space 157184K, 20% used [0x00000000f5700000,0x00000000f7637fd0,0x00000000ff080000)
  to   space 165888K, 0% used [0x00000000eac80000,0x00000000eac80000,0x00000000f4e80000)
 ParOldGen       total 974848K, used 107365K [0x00000000a0000000, 0x00000000db800000, 0x00000000e0000000)
  object space 974848K, 11% used [0x00000000a0000000,0x00000000a68d9440,0x00000000db800000)
 Metaspace       used 87274K, capacity 91808K, committed 92160K, reserved 1128448K
  class space    used 11258K, capacity 12185K, committed 12288K, reserved 1048576K
}
Event: 781.947 GC heap before
{Heap before GC invocations=137 (full 14):
 PSYoungGen      total 333824K, used 208607K [0x00000000e0000000, 0x00000000ff080000, 0x0000000100000000)
  eden space 176640K, 100% used [0x00000000e0000000,0x00000000eac80000,0x00000000eac80000)
  from space 157184K, 20% used [0x00000000f5700000,0x00000000f7637fd0,0x00000000ff080000)
  to   space 165888K, 0% used [0x00000000eac80000,0x00000000eac80000,0x00000000f4e80000)
 ParOldGen       total 974848K, used 107365K [0x00000000a0000000, 0x00000000db800000, 0x00000000e0000000)
  object space 974848K, 11% used [0x00000000a0000000,0x00000000a68d9440,0x00000000db800000)
 Metaspace       used 87275K, capacity 91808K, committed 92160K, reserved 1128448K
  class space    used 11258K, capacity 12185K, committed 12288K, reserved 1048576K
Event: 781.988 GC heap after
Heap after GC invocations=137 (full 14):
 PSYoungGen      total 342528K, used 57559K [0x00000000e0000000, 0x00000000fe800000, 0x0000000100000000)
  eden space 176640K, 0% used [0x00000000e0000000,0x00000000e0000000,0x00000000eac80000)
  from space 165888K, 34% used [0x00000000eac80000,0x00000000ee4b5e18,0x00000000f4e80000)
  to   space 155648K, 0% used [0x00000000f5000000,0x00000000f5000000,0x00000000fe800000)
 ParOldGen       total 974848K, used 107365K [0x00000000a0000000, 0x00000000db800000, 0x00000000e0000000)
  object space 974848K, 11% used [0x00000000a0000000,0x00000000a68d9440,0x00000000db800000)
 Metaspace       used 87275K, capacity 91808K, committed 92160K, reserved 1128448K
  class space    used 11258K, capacity 12185K, committed 12288K, reserved 1048576K
}
Event: 782.120 GC heap before
{Heap before GC invocations=138 (full 14):
 PSYoungGen      total 342528K, used 234199K [0x00000000e0000000, 0x00000000fe800000, 0x0000000100000000)
  eden space 176640K, 100% used [0x00000000e0000000,0x00000000eac80000,0x00000000eac80000)
  from space 165888K, 34% used [0x00000000eac80000,0x00000000ee4b5e18,0x00000000f4e80000)
  to   space 155648K, 0% used [0x00000000f5000000,0x00000000f5000000,0x00000000fe800000)
 ParOldGen       total 974848K, used 107365K [0x00000000a0000000, 0x00000000db800000, 0x00000000e0000000)
  object space 974848K, 11% used [0x00000000a0000000,0x00000000a68d9440,0x00000000db800000)
 Metaspace       used 87275K, capacity 91808K, committed 92160K, reserved 1128448K
  class space    used 11258K, capacity 12185K, committed 12288K, reserved 1048576K
Event: 782.184 GC heap after
Heap after GC invocations=138 (full 14):
 PSYoungGen      total 344576K, used 80993K [0x00000000e0000000, 0x00000000fe780000, 0x0000000100000000)
  eden space 189440K, 0% used [0x00000000e0000000,0x00000000e0000000,0x00000000eb900000)
  from space 155136K, 52% used [0x00000000f5000000,0x00000000f9f18428,0x00000000fe780000)
  to   space 154624K, 0% used [0x00000000eb900000,0x00000000eb900000,0x00000000f5000000)
 ParOldGen       total 974848K, used 107373K [0x00000000a0000000, 0x00000000db800000, 0x00000000e0000000)
  object space 974848K, 11% used [0x00000000a0000000,0x00000000a68db440,0x00000000db800000)
 Metaspace       used 87275K, capacity 91808K, committed 92160K, reserved 1128448K
  class space    used 11258K, capacity 12185K, committed 12288K, reserved 1048576K
}
Event: 782.325 GC heap before
{Heap before GC invocations=139 (full 14):
 PSYoungGen      total 344576K, used 270433K [0x00000000e0000000, 0x00000000fe780000, 0x0000000100000000)
  eden space 189440K, 100% used [0x00000000e0000000,0x00000000eb900000,0x00000000eb900000)
  from space 155136K, 52% used [0x00000000f5000000,0x00000000f9f18428,0x00000000fe780000)
  to   space 154624K, 0% used [0x00000000eb900000,0x00000000eb900000,0x00000000f5000000)
 ParOldGen       total 974848K, used 107373K [0x00000000a0000000, 0x00000000db800000, 0x00000000e0000000)
  object space 974848K, 11% used [0x00000000a0000000,0x00000000a68db440,0x00000000db800000)
 Metaspace       used 87275K, capacity 91808K, committed 92160K, reserved 1128448K
  class space    used 11258K, capacity 12185K, committed 12288K, reserved 1048576K
Event: 782.409 GC heap after
Heap after GC invocations=139 (full 14):
 PSYoungGen      total 344064K, used 110366K [0x00000000e0000000, 0x0000000100000000, 0x0000000100000000)
  eden space 189440K, 0% used [0x00000000e0000000,0x00000000e0000000,0x00000000eb900000)
  from space 154624K, 71% used [0x00000000eb900000,0x00000000f24c7a98,0x00000000f5000000)
  to   space 164352K, 0% used [0x00000000f5f80000,0x00000000f5f80000,0x0000000100000000)
 ParOldGen       total 974848K, used 107373K [0x00000000a0000000, 0x00000000db800000, 0x00000000e0000000)
  object space 974848K, 11% used [0x00000000a0000000,0x00000000a68db440,0x00000000db800000)
 Metaspace       used 87275K, capacity 91808K, committed 92160K, reserved 1128448K
  class space    used 11258K, capacity 12185K, committed 12288K, reserved 1048576K
}
Event: 782.556 GC heap before
{Heap before GC invocations=140 (full 14):
 PSYoungGen      total 344064K, used 299806K [0x00000000e0000000, 0x0000000100000000, 0x0000000100000000)
  eden space 189440K, 100% used [0x00000000e0000000,0x00000000eb900000,0x00000000eb900000)
  from space 154624K, 71% used [0x00000000eb900000,0x00000000f24c7a98,0x00000000f5000000)
  to   space 164352K, 0% used [0x00000000f5f80000,0x00000000f5f80000,0x0000000100000000)
 ParOldGen       total 974848K, used 107373K [0x00000000a0000000, 0x00000000db800000, 0x00000000e0000000)
  object space 974848K, 11% used [0x00000000a0000000,0x00000000a68db440,0x00000000db800000)
 Metaspace       used 87275K, capacity 91808K, committed 92160K, reserved 1128448K
  class space    used 11258K, capacity 12185K, committed 12288K, reserved 1048576K
Event: 782.682 GC heap after
Heap after GC invocations=140 (full 14):
 PSYoungGen      total 339456K, used 136020K [0x00000000e0000000, 0x0000000100000000, 0x0000000100000000)
  eden space 175104K, 0% used [0x00000000e0000000,0x00000000e0000000,0x00000000eab00000)
  from space 164352K, 82% used [0x00000000f5f80000,0x00000000fe4552a8,0x0000000100000000)
  to   space 174592K, 0% used [0x00000000eab00000,0x00000000eab00000,0x00000000f5580000)
 ParOldGen       total 974848K, used 107373K [0x00000000a0000000, 0x00000000db800000, 0x00000000e0000000)
  object space 974848K, 11% used [0x00000000a0000000,0x00000000a68db440,0x00000000db800000)
 Metaspace       used 87275K, capacity 91808K, committed 92160K, reserved 1128448K
  class space    used 11258K, capacity 12185K, committed 12288K, reserved 1048576K
}
Event: 782.801 GC heap before
{Heap before GC invocations=141 (full 14):
 PSYoungGen      total 339456K, used 311124K [0x00000000e0000000, 0x0000000100000000, 0x0000000100000000)
  eden space 175104K, 100% used [0x00000000e0000000,0x00000000eab00000,0x00000000eab00000)
  from space 164352K, 82% used [0x00000000f5f80000,0x00000000fe4552a8,0x0000000100000000)
  to   space 174592K, 0% used [0x00000000eab00000,0x00000000eab00000,0x00000000f5580000)
 ParOldGen       total 974848K, used 107373K [0x00000000a0000000, 0x00000000db800000, 0x00000000e0000000)
  object space 974848K, 11% used [0x00000000a0000000,0x00000000a68db440,0x00000000db800000)
 Metaspace       used 87275K, capacity 91808K, committed 92160K, reserved 1128448K
  class space    used 11258K, capacity 12185K, committed 12288K, reserved 1048576K

Deoptimization events (10 events):
Event: 776.745 Thread 0x000000005dcc2800 Uncommon trap: reason=unstable_if action=reinterpret pc=0x00000000059712e8 method=proguard.classfile.visitor.ClassVersionFilter.visitProgramClass(Lproguard/classfile/ProgramClass;)V @ 8
Event: 776.823 Thread 0x000000005dcc2800 Uncommon trap: reason=unstable_if action=reinterpret pc=0x0000000005997f9c method=proguard.GetEnclosingClassChecker.visitMethodrefConstant(Lproguard/classfile/Clazz;Lproguard/classfile/constant/MethodrefConstant;)V @ 29
Event: 779.112 Thread 0x000000005dcc2800 Uncommon trap: reason=array_check action=maybe_recompile pc=0x00000000044c7294 method=java.util.TimSort.reverseRange([Ljava/lang/Object;II)V @ 27
Event: 779.112 Thread 0x000000005dcc2800 Uncommon trap: reason=array_check action=maybe_recompile pc=0x00000000044c7294 method=java.util.TimSort.reverseRange([Ljava/lang/Object;II)V @ 27
Event: 779.112 Thread 0x000000005dcc2800 Uncommon trap: reason=array_check action=maybe_recompile pc=0x0000000003ab0a18 method=java.util.TimSort.reverseRange([Ljava/lang/Object;II)V @ 27
Event: 779.112 Thread 0x000000005dcc2800 Uncommon trap: reason=array_check action=maybe_recompile pc=0x00000000032ba640 method=java.util.TimSort.reverseRange([Ljava/lang/Object;II)V @ 27
Event: 779.532 Thread 0x000000005dcc2800 Uncommon trap: reason=bimorphic action=maybe_recompile pc=0x00000000052f0b74 method=org.gradle.util.CollectionUtils.join(Ljava/lang/String;Ljava/lang/Iterable;)Ljava/lang/String; @ 37
Event: 781.305 Thread 0x000000005a9ce800 Uncommon trap: reason=null_check action=make_not_entrant pc=0x00000000032b8a80 method=java.io.ObjectStreamClass.getField(Ljava/lang/String;Ljava/lang/Class;)Ljava/io/ObjectStreamField; @ 67
Event: 781.635 Thread 0x000000005e83c000 Uncommon trap: reason=unstable_if action=reinterpret pc=0x00000000034ca0ac method=java.util.concurrent.locks.AbstractQueuedSynchronizer.enq(Ljava/util/concurrent/locks/AbstractQueuedSynchronizer$Node;)Ljava/util/concurrent/locks/AbstractQueuedSynchronizer$è	«&Ìmˆ@
Event: 781.725 Thread 0x000000005e83c000 Uncommon trap: reason=unstable_if action=reinterpret pc=0x0000000005c6b33c method=com.android.dx.rop.code.AccessFlags.isAnnotation(I)Z @ 5

Internal exceptions (10 events):
Event: 771.368 Thread 0x000000005dcc2800 Exception <a 'sun/nio/fs/WindowsException'> (0x00000000ebcf10a8) thrown at [C:\src\android\AOSP-openjdk\external\jetbrains\jdk\hotspot\src\share\vm\prims\jni.cpp, line 709]
Event: 771.368 Thread 0x000000005dcc2800 Exception <a 'sun/nio/fs/WindowsException'> (0x00000000ebcf1c78) thrown at [C:\src\android\AOSP-openjdk\external\jetbrains\jdk\hotspot\src\share\vm\prims\jni.cpp, line 709]
Event: 771.368 Thread 0x000000005dcc2800 Exception <a 'sun/nio/fs/WindowsException'> (0x00000000ebcf4690) thrown at [C:\src\android\AOSP-openjdk\external\jetbrains\jdk\hotspot\src\share\vm\prims\jni.cpp, line 709]
Event: 771.368 Thread 0x000000005dcc2800 Exception <a 'sun/nio/fs/WindowsException'> (0x00000000ebcf5290) thrown at [C:\src\android\AOSP-openjdk\external\jetbrains\jdk\hotspot\src\share\vm\prims\jni.cpp, line 709]
Event: 771.369 Thread 0x000000005dcc2800 Exception <a 'sun/nio/fs/WindowsException'> (0x00000000ebcf6ed0) thrown at [C:\src\android\AOSP-openjdk\external\jetbrains\jdk\hotspot\src\share\vm\prims\jni.cpp, line 709]
Event: 771.369 Thread 0x000000005dcc2800 Exception <a 'sun/nio/fs/WindowsException'> (0x00000000ebcf7b08) thrown at [C:\src\android\AOSP-openjdk\external\jetbrains\jdk\hotspot\src\share\vm\prims\jni.cpp, line 709]
Event: 771.369 Thread 0x000000005dcc2800 Exception <a 'sun/nio/fs/WindowsException'> (0x00000000ebcfa6e0) thrown at [C:\src\android\AOSP-openjdk\external\jetbrains\jdk\hotspot\src\share\vm\prims\jni.cpp, line 709]
Event: 771.369 Thread 0x000000005dcc2800 Exception <a 'sun/nio/fs/WindowsException'> (0x00000000ebcfb358) thrown at [C:\src\android\AOSP-openjdk\external\jetbrains\jdk\hotspot\src\share\vm\prims\jni.cpp, line 709]
Event: 771.369 Thread 0x000000005dcc2800 Exception <a 'sun/nio/fs/WindowsException'> (0x00000000ebcfd010) thrown at [C:\src\android\AOSP-openjdk\external\jetbrains\jdk\hotspot\src\share\vm\prims\jni.cpp, line 709]
Event: 771.369 Thread 0x000000005dcc2800 Exception <a 'sun/nio/fs/WindowsException'> (0x00000000ebcfdcc0) thrown at [C:\src\android\AOSP-openjdk\external\jetbrains\jdk\hotspot\src\share\vm\prims\jni.cpp, line 709]

Events (10 events):
Event: 782.528 Thread 0x000000005dcc7800 DEOPT UNPACKING pc=0x00000000026175bf sp=0x000000006b74e5f8 mode 0
Event: 782.555 Executing VM operation: ParallelGCFailedAllocation
Event: 782.682 Executing VM operation: ParallelGCFailedAllocation done
Event: 782.691 Thread 0x000000005ac57000 DEOPT PACKING pc=0x00000000029360ee sp=0x000000006786ecd0
Event: 782.691 Thread 0x000000005ac57000 DEOPT UNPACKING pc=0x00000000026175bf sp=0x000000006786eab8 mode 0
Event: 782.733 Thread 0x000000005dcc7800 DEOPT PACKING pc=0x00000000029360ee sp=0x000000006b74e810
Event: 782.733 Thread 0x000000005dcc7800 DEOPT UNPACKING pc=0x00000000026175bf sp=0x000000006b74e5f8 mode 0
Event: 782.777 Thread 0x0000000062051000 DEOPT PACKING pc=0x00000000029360ee sp=0x000000006e86ef40
Event: 782.777 Thread 0x0000000062051000 DEOPT UNPACKING pc=0x00000000026175bf sp=0x000000006e86ed28 mode 0
Event: 782.800 Executing VM operation: ParallelGCFailedAllocation


Dynamic libraries:
0x000000013f1d0000 - 0x000000013f201000 	D:\Program Files\Android\Android Studio\jre\bin\java.exe
0x0000000077b50000 - 0x0000000077cf9000 	C:\Windows\SYSTEM32\ntdll.dll
0x0000000077a30000 - 0x0000000077b4f000 	C:\Windows\system32\kernel32.dll
0x000007fefdb90000 - 0x000007fefdbfb000 	C:\Windows\system32\KERNELBASE.dll
0x000007fefe650000 - 0x000007fefe72b000 	C:\Windows\system32\ADVAPI32.dll
0x000007fefe510000 - 0x000007fefe5af000 	C:\Windows\system32\msvcrt.dll
0x000007fefe4f0000 - 0x000007fefe50f000 	C:\Windows\SYSTEM32\sechost.dll
0x000007fefea90000 - 0x000007fefebbd000 	C:\Windows\system32\RPCRT4.dll
0x0000000077930000 - 0x0000000077a2a000 	C:\Windows\system32\USER32.dll
0x000007fefea10000 - 0x000007fefea77000 	C:\Windows\system32\GDI32.dll
0x000007fefea80000 - 0x000007fefea8e000 	C:\Windows\system32\LPK.dll
0x000007fefe730000 - 0x000007fefe7f9000 	C:\Windows\system32\USP10.dll
0x000007fefc540000 - 0x000007fefc734000 	C:\Windows\WinSxS\amd64_microsoft.windows.common-controls_6595b64144ccf1df_6.0.7601.17514_none_fa396087175ac9ac\COMCTL32.dll
0x000007fefe930000 - 0x000007fefe9a1000 	C:\Windows\system32\SHLWAPI.dll
0x000007fefe310000 - 0x000007fefe33e000 	C:\Windows\system32\IMM32.DLL
0x000007feffd50000 - 0x000007feffe59000 	C:\Windows\system32\MSCTF.dll
0x000007fefda70000 - 0x000007fefdaa0000 	C:\Windows\system32\nvinitx.dll
0x000007fefda60000 - 0x000007fefda6c000 	C:\Windows\system32\VERSION.dll
0x0000000073f60000 - 0x0000000073f66000 	C:\Program Files\NVIDIA Corporation\CoProcManager\detoured.dll
0x000007fef9b10000 - 0x000007fef9b48000 	C:\Program Files\NVIDIA Corporation\CoProcManager\nvd3d9wrapx.dll
0x000007feff950000 - 0x000007feffb27000 	C:\Windows\system32\SETUPAPI.dll
0x000007fefde30000 - 0x000007fefde66000 	C:\Windows\system32\CFGMGR32.dll
0x000007fefe410000 - 0x000007fefe4e7000 	C:\Windows\system32\OLEAUT32.dll
0x000007feffb30000 - 0x000007feffd33000 	C:\Windows\system32\ole32.dll
0x000007fefde10000 - 0x000007fefde2a000 	C:\Windows\system32\DEVOBJ.dll
0x000007fef9ae0000 - 0x000007fef9b04000 	C:\Program Files\NVIDIA Corporation\CoProcManager\nvdxgiwrapx.dll
0x0000000070280000 - 0x0000000070352000 	D:\Program Files\Android\Android Studio\jre\jre\bin\msvcr100.dll
0x000000006a4d0000 - 0x000000006ad04000 	D:\Program Files\Android\Android Studio\jre\jre\bin\server\jvm.dll
0x000007fef8310000 - 0x000007fef8319000 	C:\Windows\system32\WSOCK32.dll
0x000007fefe340000 - 0x000007fefe38d000 	C:\Windows\system32\WS2_32.dll
0x000007feffd40000 - 0x000007feffd48000 	C:\Windows\system32\NSI.dll
0x000007fefb890000 - 0x000007fefb8cb000 	C:\Windows\system32\WINMM.dll
0x0000000077d20000 - 0x0000000077d27000 	C:\Windows\system32\PSAPI.DLL
0x000007feefe30000 - 0x000007feefe3f000 	D:\Program Files\Android\Android Studio\jre\jre\bin\verify.dll
0x000007feef470000 - 0x000007feef499000 	D:\Program Files\Android\Android Studio\jre\jre\bin\java.dll
0x000007feef450000 - 0x000007feef466000 	D:\Program Files\Android\Android Studio\jre\jre\bin\zip.dll
0x000007fefebc0000 - 0x000007feff948000 	C:\Windows\system32\SHELL32.dll
0x000007fefdaa0000 - 0x000007fefdaaf000 	C:\Windows\system32\profapi.dll
0x000007feebd30000 - 0x000007feebd4a000 	D:\Program Files\Android\Android Studio\jre\jre\bin\net.dll
0x000007fefd290000 - 0x000007fefd2e5000 	C:\Windows\system32\mswsock.dll
0x000007fefd280000 - 0x000007fefd287000 	C:\Windows\System32\wship6.dll
0x000007feebba0000 - 0x000007feebbb1000 	D:\Program Files\Android\Android Studio\jre\jre\bin\nio.dll
0x000007feeb230000 - 0x000007feeb242000 	C:\Users\Valentin\.gradle\native\19\windows-amd64\native-platform.dll
0x000007fefd2f0000 - 0x000007fefd307000 	C:\Windows\system32\CRYPTSP.dll
0x000007fefcff0000 - 0x000007fefd037000 	C:\Windows\system32\rsaenh.dll
0x000007fefcdb0000 - 0x000007fefcdce000 	C:\Windows\system32\USERENV.dll
0x000007fefd950000 - 0x000007fefd95f000 	C:\Windows\system32\CRYPTBASE.dll
0x000007fefb450000 - 0x000007fefb477000 	C:\Windows\system32\IPHLPAPI.DLL
0x000007fefb440000 - 0x000007fefb44b000 	C:\Windows\system32\WINNSI.DLL
0x000007fefaf80000 - 0x000007fefaf98000 	C:\Windows\system32\dhcpcsvc.DLL
0x000007fefaf60000 - 0x000007fefaf71000 	C:\Windows\system32\dhcpcsvc6.DLL
0x000007feef330000 - 0x000007feef33d000 	D:\Program Files\Android\Android Studio\jre\jre\bin\management.dll
0x000007fefd8f0000 - 0x000007fefd947000 	C:\Windows\system32\apphelp.dll
0x000007feeb870000 - 0x000007feeb894000 	D:\Program Files\Android\Android Studio\jre\jre\bin\sunec.dll
0x000007feeb840000 - 0x000007feeb84b000 	D:\Program Files\Android\Android Studio\jre\jre\bin\sunmscapi.dll
0x000007fefdc00000 - 0x000007fefdd67000 	C:\Windows\system32\CRYPT32.dll
0x000007fefdb40000 - 0x000007fefdb4f000 	C:\Windows\system32\MSASN1.dll
0x000007fef5f50000 - 0x000007fef6075000 	C:\Windows\system32\dbghelp.dll

VM Arguments:
jvm_args: -Xmx1536m -Dfile.encoding=windows-1252 -Duser.country=US -Duser.language=en -Duser.variant 
java_command: org.gradle.launcher.daemon.bootstrap.GradleDaemon 2.14.1
java_class_path (initial): D:\Program Files\Android\Android Studio\gradle\gradle-2.14.1\lib\gradle-launcher-2.14.1.jar
Launcher Type: SUN_STANDARD

Environment Variables:
PATH=C:\Windows\system32;C:\Windows;C:\Windows\System32\Wbem;C:\Windows\System32\WindowsPowerShell\v1.0\;C:\Program Files (x86)\Intel\OpenCL SDK\2.0\bin\x86;C:\Program Files (x86)\Intel\OpenCL SDK\2.0\bin\x64;C:\Program Files (x86)\NVIDIA Corporation\PhysX\Common;C:\Program Files (x86)\QuickTime\QTSystem\
USERNAME=Valentin
OS=Windows_NT
PROCESSOR_IDENTIFIER=Intel64 Family 6 Model 42 Stepping 7, GenuineIntel



---------------  S Y S T E M  ---------------

OS: Windows 7 , 64 bit Build 7601 (6.1.7601.17514)

CPU:total 8 (4 cores per cpu, 2 threads per core) family 6 model 42 stepping 7, cmov, cx8, fxsr, mmx, sse, sse2, sse3, ssse3, sse4.1, sse4.2, popcnt, avx, aes, clmul, ht, tsc, tscinvbit

Memory: 4k page, physical 8293552k(1510232k free), swap 16585260k(9853092k free)

vm_info: OpenJDK 64-Bit Server VM (25.76-b03) for windows-amd64 JRE (1.8.0_76-release-b03), built on Jun 29 2016 19:09:20 by "ralucas" with MS VC++ 10.0 (VS2010)

time: Wed Dec 07 01:39:45 2016
elapsed time: 782 seconds (0d 0h 13m 2s)

