#
# A fatal error has been detected by the Java Runtime Environment:
#
#  EXCEPTION_ACCESS_VIOLATION (0xc0000005) at pc=0x000000006b1962c0, pid=9120, tid=0x0000000000001b58
#
# JRE version: OpenJDK Runtime Environment (8.0_76-b03) (build 1.8.0_76-release-b03)
# Java VM: OpenJDK 64-Bit Server VM (25.76-b03 mixed mode windows-amd64 compressed oops)
# Problematic frame:
# V  [jvm.dll+0x4862c0]
#
# Failed to write core dump. Minidumps are not enabled by default on client versions of Windows
#
# If you would like to submit a bug report, please visit:
#   http://bugreport.java.com/bugreport/crash.jsp
#

---------------  T H R E A D  ---------------

Current thread (0x0000000057652000):  JavaThread "C2 CompilerThread2" daemon [_thread_in_native, id=7000, stack(0x0000000059020000,0x0000000059120000)]

siginfo: ExceptionCode=0xc0000005, reading address 0x000000005b13c0a8

Registers:
RAX=0x0000000000000001, RBX=0x000000005f13c050, RCX=0x000000005f13c050, RDX=0x000000005b13c0a8
RSP=0x000000005911b5d0, RBP=0x000000005911b610, RSI=0x00000000000006c9, RDI=0x0000000000000000
R8 =0x000000005b13c0b0, R9 =0x000000005c5bb240, R10=0x000000005ed3f4d0, R11=0x0000000000000001
R12=0x000000000000010d, R13=0x000000005911bac0, R14=0x000000005f13bf00, R15=0x0000000000000000
RIP=0x000000006b1962c0, EFLAGS=0x0000000000010283

Top of Stack: (sp=0x000000005911b5d0)
0x000000005911b5d0:   000000005f13b650 000000005f13b9d8
0x000000005911b5e0:   00000000000006c7 000000006b204c11
0x000000005911b5f0:   0000127b0000010d 0000000000000000
0x000000005911b600:   0000000000000007 000000005a777fa0
0x000000005911b610:   00000000566a0560 0000000059953e20
0x000000005911b620:   00000000566a0560 0000000000000000
0x000000005911b630:   000000005911b740 000000006b198248
0x000000005911b640:   000000005911bac0 000000000000000d
0x000000005911b650:   000000005911bae0 000000006b2021e6
0x000000005911b660:   0000000059953e70 000000005995be08
0x000000005911b670:   00000000000e81a8 0000000000000000
0x000000005911b680:   0000000000020020 00000000020f0000
0x000000005911b690:   0000000000020010 000000006b33f3f8
0x000000005911b6a0:   00000000566a0560 0000000000000002
0x000000005911b6b0:   0000000059953e70 000000000000000d
0x000000005911b6c0:   0000000059953e20 0000000000020020 

Instructions: (pc=0x000000006b1962c0)
0x000000006b1962a0:   39 3c 81 75 67 48 8b 53 10 8b 43 20 4c 8d 04 c2
0x000000006b1962b0:   49 3b d0 73 57 66 66 66 0f 1f 84 00 00 00 00 00
0x000000006b1962c0:   48 8b 02 8b 48 28 41 8b 04 89 85 c0 74 0a a8 01
0x000000006b1962d0:   75 06 d1 e8 3b c6 7c 0b 48 83 c2 08 49 3b d0 72 


Register to memory mapping:

RAX=0x0000000000000001 is an unknown value
RBX=0x000000005f13c050 is an unknown value
RCX=0x000000005f13c050 is an unknown value
RDX=0x000000005b13c0a8 is an unknown value
RSP=0x000000005911b5d0 is pointing into the stack for thread: 0x0000000057652000
RBP=0x000000005911b610 is pointing into the stack for thread: 0x0000000057652000
RSI=0x00000000000006c9 is an unknown value
RDI=0x0000000000000000 is an unknown value
R8 =0x000000005b13c0b0 is an unknown value
R9 =0x000000005c5bb240 is an unknown value
R10=0x000000005ed3f4d0 is an unknown value
R11=0x0000000000000001 is an unknown value
R12=0x000000000000010d is an unknown value
R13=0x000000005911bac0 is pointing into the stack for thread: 0x0000000057652000
R14=0x000000005f13bf00 is an unknown value
R15=0x0000000000000000 is an unknown value


Stack: [0x0000000059020000,0x0000000059120000],  sp=0x000000005911b5d0,  free space=1005k
Native frames: (J=compiled Java code, j=interpreted, Vv=VM code, C=native code)
V  [jvm.dll+0x4862c0]
V  [jvm.dll+0x488248]
V  [jvm.dll+0x43a6f6]
V  [jvm.dll+0x43ba43]
V  [jvm.dll+0x41f212]
V  [jvm.dll+0x806e9]
V  [jvm.dll+0x8101f]
V  [jvm.dll+0x21bc14]
V  [jvm.dll+0x26b60a]
C  [msvcr100.dll+0x21d9f]
C  [msvcr100.dll+0x21e3b]
C  [kernel32.dll+0x1652d]
C  [ntdll.dll+0x2c521]


Current CompileTask:
C2:   3334 1837   !   4       java.net.URLClassLoader$1::run (63 bytes)


---------------  P R O C E S S  ---------------

Java Threads: ( => current thread )
  0x000000005a6f5000 JavaThread "Stdin handler" [_thread_blocked, id=6184, stack(0x000000005bec0000,0x000000005bfc0000)]
  0x000000005a65c800 JavaThread "Asynchronous log dispatcher for org.gradle.launcher.daemon.server.DefaultDaemonConnection@1395e2dd" [_thread_blocked, id=4652, stack(0x000000005bb70000,0x000000005bc70000)]
  0x000000005a662800 JavaThread "Daemon worker" [_thread_in_native, id=8140, stack(0x000000005b9c0000,0x000000005bac0000)]
  0x000000005a6de000 JavaThread "Cancel handler" [_thread_blocked, id=8516, stack(0x000000005b7d0000,0x000000005b8d0000)]
  0x000000005a552000 JavaThread "Handler for socket connection from /127.0.0.1:54096 to /127.0.0.1:54098" [_thread_in_native, id=7328, stack(0x0000000059430000,0x0000000059530000)]
  0x000000005a540000 JavaThread "Daemon" [_thread_blocked, id=6172, stack(0x000000005b670000,0x000000005b770000)]
  0x000000005a55d000 JavaThread "pool-1-thread-1" [_thread_blocked, id=8844, stack(0x000000005b570000,0x000000005b670000)]
  0x000000005a57d000 JavaThread "Incoming local TCP Connector on port 54096" [_thread_in_native, id=7464, stack(0x000000005b240000,0x000000005b340000)]
  0x00000000576dc800 JavaThread "Service Thread" daemon [_thread_blocked, id=8936, stack(0x0000000059320000,0x0000000059420000)]
  0x0000000057653000 JavaThread "C1 CompilerThread3" daemon [_thread_blocked, id=6260, stack(0x0000000059190000,0x0000000059290000)]
=>0x0000000057652000 JavaThread "C2 CompilerThread2" daemon [_thread_in_native, id=7000, stack(0x0000000059020000,0x0000000059120000)]
  0x000000005764b000 JavaThread "C2 CompilerThread1" daemon [_thread_in_native, id=7064, stack(0x0000000058e00000,0x0000000058f00000)]
  0x000000005763c000 JavaThread "C2 CompilerThread0" daemon [_thread_in_native, id=8444, stack(0x0000000058a50000,0x0000000058b50000)]
  0x000000005763a800 JavaThread "Attach Listener" daemon [_thread_blocked, id=5792, stack(0x0000000058bc0000,0x0000000058cc0000)]
  0x0000000057639800 JavaThread "Signal Dispatcher" daemon [_thread_blocked, id=8396, stack(0x00000000586f0000,0x00000000587f0000)]
  0x000000005669d800 JavaThread "Finalizer" daemon [_thread_blocked, id=5352, stack(0x0000000058950000,0x0000000058a50000)]
  0x0000000056696800 JavaThread "Reference Handler" daemon [_thread_blocked, id=9152, stack(0x0000000058830000,0x0000000058930000)]
  0x00000000020fd800 JavaThread "main" [_thread_blocked, id=540, stack(0x0000000002420000,0x0000000002520000)]

Other Threads:
  0x00000000575f3800 VMThread [stack: 0x00000000585b0000,0x00000000586b0000] [id=1240]
  0x00000000576dd800 WatcherThread [stack: 0x0000000059540000,0x0000000059640000] [id=8740]

VM state:not at safepoint (normal execution)

VM Mutex/Monitor currently owned by a thread: None

Heap:
 PSYoungGen      total 71680K, used 15507K [0x00000000e0000000, 0x00000000e8c00000, 0x0000000100000000)
  eden space 66560K, 23% used [0x00000000e0000000,0x00000000e0f24dd0,0x00000000e4100000)
  from space 5120K, 0% used [0x00000000e4100000,0x00000000e4100000,0x00000000e4600000)
  to   space 5120K, 0% used [0x00000000e8700000,0x00000000e8700000,0x00000000e8c00000)
 ParOldGen       total 61952K, used 11356K [0x00000000a0000000, 0x00000000a3c80000, 0x00000000e0000000)
  object space 61952K, 18% used [0x00000000a0000000,0x00000000a0b171c8,0x00000000a3c80000)
 Metaspace       used 22066K, capacity 22462K, committed 22784K, reserved 1069056K
  class space    used 2923K, capacity 3055K, committed 3072K, reserved 1048576K

Card table byte_map: [0x00000000118e0000,0x0000000011bf0000] byte_map_base: 0x00000000113e0000

Marking Bits: (ParMarkBitMap*) 0x000000006b4c9d00
 Begin Bits: [0x00000000129b0000, 0x00000000141b0000)
 End Bits:   [0x00000000141b0000, 0x00000000159b0000)

Polling page: 0x0000000000130000

CodeCache: size=245760Kb used=7330Kb max_used=7330Kb free=238429Kb
 bounds [0x0000000002520000, 0x0000000002c50000, 0x0000000011520000]
 total_blobs=2539 nmethods=1917 adapters=535
 compilation: enabled

Compilation events (10 events):
Event: 3.238 Thread 0x0000000057653000 1914       3       org.gradle.internal.service.DefaultServiceRegistry$SingletonService::get (5 bytes)
Event: 3.238 Thread 0x0000000057653000 nmethod 1914 0x0000000002c478d0 code [0x0000000002c47a40, 0x0000000002c47c48]
Event: 3.238 Thread 0x0000000057653000 1915       3       sun.misc.IOUtils::readFully (138 bytes)
Event: 3.239 Thread 0x0000000057653000 nmethod 1915 0x0000000002c47d10 code [0x0000000002c47f20, 0x0000000002c48b18]
Event: 3.239 Thread 0x0000000057653000 1916       3       sun.security.util.SignatureFileVerifier::isBlockOrSF (40 bytes)
Event: 3.240 Thread 0x0000000057653000 nmethod 1916 0x0000000002c48fd0 code [0x0000000002c491a0, 0x0000000002c49ad8]
Event: 3.240 Thread 0x0000000057653000 1917       1       java.security.PermissionCollection::isReadOnly (5 bytes)
Event: 3.240 Thread 0x0000000057653000 nmethod 1917 0x0000000002c49f10 code [0x0000000002c4a060, 0x0000000002c4a170]
Event: 3.256 Thread 0x0000000057653000 1918       1       java.security.Permission::getName (5 bytes)
Event: 3.257 Thread 0x0000000057653000 nmethod 1918 0x0000000002c4a3d0 code [0x0000000002c4a520, 0x0000000002c4a630]

GC Heap History (8 events):
Event: 0.669 GC heap before
{Heap before GC invocations=1 (full 0):
 PSYoungGen      total 38400K, used 33280K [0x00000000e0000000, 0x00000000e2a80000, 0x0000000100000000)
  eden space 33280K, 100% used [0x00000000e0000000,0x00000000e2080000,0x00000000e2080000)
  from space 5120K, 0% used [0x00000000e2580000,0x00000000e2580000,0x00000000e2a80000)
  to   space 5120K, 0% used [0x00000000e2080000,0x00000000e2080000,0x00000000e2580000)
 ParOldGen       total 87552K, used 0K [0x00000000a0000000, 0x00000000a5580000, 0x00000000e0000000)
  object space 87552K, 0% used [0x00000000a0000000,0x00000000a0000000,0x00000000a5580000)
 Metaspace       used 5873K, capacity 6416K, committed 6528K, reserved 1056768K
  class space    used 750K, capacity 800K, committed 896K, reserved 1048576K
Event: 0.692 GC heap after
Heap after GC invocations=1 (full 0):
 PSYoungGen      total 38400K, used 4099K [0x00000000e0000000, 0x00000000e4b00000, 0x0000000100000000)
  eden space 33280K, 0% used [0x00000000e0000000,0x00000000e0000000,0x00000000e2080000)
  from space 5120K, 80% used [0x00000000e2080000,0x00000000e2480f60,0x00000000e2580000)
  to   space 5120K, 0% used [0x00000000e4600000,0x00000000e4600000,0x00000000e4b00000)
 ParOldGen       total 87552K, used 8K [0x00000000a0000000, 0x00000000a5580000, 0x00000000e0000000)
  object space 87552K, 0% used [0x00000000a0000000,0x00000000a0002000,0x00000000a5580000)
 Metaspace       used 5873K, capacity 6416K, committed 6528K, reserved 1056768K
  class space    used 750K, capacity 800K, committed 896K, reserved 1048576K
}
Event: 1.542 GC heap before
{Heap before GC invocations=2 (full 0):
 PSYoungGen      total 38400K, used 37379K [0x00000000e0000000, 0x00000000e4b00000, 0x0000000100000000)
  eden space 33280K, 100% used [0x00000000e0000000,0x00000000e2080000,0x00000000e2080000)
  from space 5120K, 80% used [0x00000000e2080000,0x00000000e2480f60,0x00000000e2580000)
  to   space 5120K, 0% used [0x00000000e4600000,0x00000000e4600000,0x00000000e4b00000)
 ParOldGen       total 87552K, used 8K [0x00000000a0000000, 0x00000000a5580000, 0x00000000e0000000)
  object space 87552K, 0% used [0x00000000a0000000,0x00000000a0002000,0x00000000a5580000)
 Metaspace       used 12878K, capacity 13244K, committed 13440K, reserved 1060864K
  class space    used 1718K, capacity 1850K, committed 1920K, reserved 1048576K
Event: 1.570 GC heap after
Heap after GC invocations=2 (full 0):
 PSYoungGen      total 71680K, used 5117K [0x00000000e0000000, 0x00000000e4b00000, 0x0000000100000000)
  eden space 66560K, 0% used [0x00000000e0000000,0x00000000e0000000,0x00000000e4100000)
  from space 5120K, 99% used [0x00000000e4600000,0x00000000e4aff5e0,0x00000000e4b00000)
  to   space 5120K, 0% used [0x00000000e4100000,0x00000000e4100000,0x00000000e4600000)
 ParOldGen       total 87552K, used 1125K [0x00000000a0000000, 0x00000000a5580000, 0x00000000e0000000)
  object space 87552K, 1% used [0x00000000a0000000,0x00000000a0119420,0x00000000a5580000)
 Metaspace       used 12878K, capacity 13244K, committed 13440K, reserved 1060864K
  class space    used 1718K, capacity 1850K, committed 1920K, reserved 1048576K
}
Event: 2.855 GC heap before
{Heap before GC invocations=3 (full 0):
 PSYoungGen      total 71680K, used 59468K [0x00000000e0000000, 0x00000000e4b00000, 0x0000000100000000)
  eden space 66560K, 81% used [0x00000000e0000000,0x00000000e3513d68,0x00000000e4100000)
  from space 5120K, 99% used [0x00000000e4600000,0x00000000e4aff5e0,0x00000000e4b00000)
  to   space 5120K, 0% used [0x00000000e4100000,0x00000000e4100000,0x00000000e4600000)
 ParOldGen       total 87552K, used 1125K [0x00000000a0000000, 0x00000000a5580000, 0x00000000e0000000)
  object space 87552K, 1% used [0x00000000a0000000,0x00000000a0119420,0x00000000a5580000)
 Metaspace       used 20726K, capacity 21092K, committed 21296K, reserved 1067008K
  class space    used 2718K, capacity 2857K, committed 2944K, reserved 1048576K
Event: 2.987 GC heap after
Heap after GC invocations=3 (full 0):
 PSYoungGen      total 71680K, used 5088K [0x00000000e0000000, 0x00000000e8c00000, 0x0000000100000000)
  eden space 66560K, 0% used [0x00000000e0000000,0x00000000e0000000,0x00000000e4100000)
  from space 5120K, 99% used [0x00000000e4100000,0x00000000e45f8020,0x00000000e4600000)
  to   space 5120K, 0% used [0x00000000e8700000,0x00000000e8700000,0x00000000e8c00000)
 ParOldGen       total 87552K, used 7755K [0x00000000a0000000, 0x00000000a5580000, 0x00000000e0000000)
  object space 87552K, 8% used [0x00000000a0000000,0x00000000a0792e68,0x00000000a5580000)
 Metaspace       used 20726K, capacity 21092K, committed 21296K, reserved 1067008K
  class space    used 2718K, capacity 2857K, committed 2944K, reserved 1048576K
}
Event: 2.987 GC heap before
{Heap before GC invocations=4 (full 1):
 PSYoungGen      total 71680K, used 5088K [0x00000000e0000000, 0x00000000e8c00000, 0x0000000100000000)
  eden space 66560K, 0% used [0x00000000e0000000,0x00000000e0000000,0x00000000e4100000)
  from space 5120K, 99% used [0x00000000e4100000,0x00000000e45f8020,0x00000000e4600000)
  to   space 5120K, 0% used [0x00000000e8700000,0x00000000e8700000,0x00000000e8c00000)
 ParOldGen       total 87552K, used 7755K [0x00000000a0000000, 0x00000000a5580000, 0x00000000e0000000)
  object space 87552K, 8% used [0x00000000a0000000,0x00000000a0792e68,0x00000000a5580000)
 Metaspace       used 20726K, capacity 21092K, committed 21296K, reserved 1067008K
  class space    used 2718K, capacity 2857K, committed 2944K, reserved 1048576K
Event: 3.049 GC heap after
Heap after GC invocations=4 (full 1):
 PSYoungGen      total 71680K, used 0K [0x00000000e0000000, 0x00000000e8c00000, 0x0000000100000000)
  eden space 66560K, 0% used [0x00000000e0000000,0x00000000e0000000,0x00000000e4100000)
  from space 5120K, 0% used [0x00000000e4100000,0x00000000e4100000,0x00000000e4600000)
  to   space 5120K, 0% used [0x00000000e8700000,0x00000000e8700000,0x00000000e8c00000)
 ParOldGen       total 61952K, used 11356K [0x00000000a0000000, 0x00000000a3c80000, 0x00000000e0000000)
  object space 61952K, 18% used [0x00000000a0000000,0x00000000a0b171c8,0x00000000a3c80000)
 Metaspace       used 20726K, capacity 21092K, committed 21296K, reserved 1067008K
  class space    used 2718K, capacity 2857K, committed 2944K, reserved 1048576K
}

Deoptimization events (10 events):
Event: 2.821 Thread 0x000000005a662800 Uncommon trap: reason=unstable_if action=reinterpret pc=0x00000000029619ac method=java.util.HashMap.getNode(ILjava/lang/Object;)Ljava/util/HashMap$Node; @ 53
Event: 2.821 Thread 0x000000005a662800 Uncommon trap: reason=unstable_if action=reinterpret pc=0x00000000029527e8 method=java.util.HashMap.hash(Ljava/lang/Object;)I @ 1
Event: 2.821 Thread 0x000000005a662800 Uncommon trap: reason=unstable_if action=reinterpret pc=0x0000000002949ba4 method=java.util.HashMap.putVal(ILjava/lang/Object;Ljava/lang/Object;ZZ)Ljava/lang/Object; @ 85
Event: 2.851 Thread 0x000000005a662800 Uncommon trap: reason=class_check action=maybe_recompile pc=0x00000000029ad8f0 method=java.lang.reflect.Method.equals(Ljava/lang/Object;)Z @ 5
Event: 2.854 Thread 0x000000005a662800 Uncommon trap: reason=class_check action=maybe_recompile pc=0x00000000029ad8f0 method=java.lang.reflect.Method.equals(Ljava/lang/Object;)Z @ 5
Event: 3.154 Thread 0x000000005a662800 Uncommon trap: reason=unstable_if action=reinterpret pc=0x0000000002810ae0 method=java.util.LinkedHashMap.afterNodeInsertion(Z)V @ 1
Event: 3.184 Thread 0x000000005a662800 Uncommon trap: reason=class_check action=maybe_recompile pc=0x00000000029ad8f0 method=java.lang.reflect.Method.equals(Ljava/lang/Object;)Z @ 5
Event: 3.184 Thread 0x000000005a662800 Uncommon trap: reason=class_check action=maybe_recompile pc=0x00000000029ad8f0 method=java.lang.reflect.Method.equals(Ljava/lang/Object;)Z @ 5
Event: 3.205 Thread 0x000000005a662800 Uncommon trap: reason=unstable_if action=reinterpret pc=0x000000000297820c method=java.lang.ref.ReferenceQueue.poll()Ljava/lang/ref/Reference; @ 4
Event: 3.205 Thread 0x000000005a662800 Uncommon trap: reason=class_check action=maybe_recompile pc=0x0000000002bf0e58 method=java.lang.ref.ReferenceQueue.reallyPoll()Ljava/lang/ref/Reference; @ 52

Internal exceptions (10 events):
Event: 3.202 Thread 0x000000005a662800 Exception <a 'java/lang/ClassNotFoundException': org/gradle/api/internal/project/DefaultProject_DecoratedBeanInfo> (0x00000000e0643028) thrown at [C:\src\android\AOSP-openjdk\external\jetbrains\jdk\hotspot\src\share\vm\classfile\systemDictionary.cpp, line ¬×%{Ÿ	@
Event: 3.203 Thread 0x000000005a662800 Exception <a 'java/lang/ClassNotFoundException': org/gradle/api/internal/project/DefaultProjectBeanInfo> (0x00000000e06522f8) thrown at [C:\src\android\AOSP-openjdk\external\jetbrains\jdk\hotspot\src\share\vm\classfile\systemDictionary.cpp, line 210]
Event: 3.203 Thread 0x000000005a662800 Exception <a 'java/lang/ClassNotFoundException': org/gradle/api/internal/project/AbstractProjectBeanInfo> (0x00000000e0661928) thrown at [C:\src\android\AOSP-openjdk\external\jetbrains\jdk\hotspot\src\share\vm\classfile\systemDictionary.cpp, line 210]
Event: 3.204 Thread 0x000000005a662800 Exception <a 'java/lang/ClassNotFoundException': org/gradle/api/internal/project/AbstractProjectCustomizer> (0x00000000e06712f8) thrown at [C:\src\android\AOSP-openjdk\external\jetbrains\jdk\hotspot\src\share\vm\classfile\systemDictionary.cpp, line 210]
Event: 3.211 Thread 0x000000005a662800 Exception <a 'java/lang/ClassNotFoundException': org/gradle/api/internal/project/DefaultProjectCustomizer> (0x00000000e07275c8) thrown at [C:\src\android\AOSP-openjdk\external\jetbrains\jdk\hotspot\src\share\vm\classfile\systemDictionary.cpp, line 210]
Event: 3.212 Thread 0x000000005a662800 Exception <a 'java/lang/ClassNotFoundException': org/gradle/api/internal/project/DefaultProject_DecoratedCustomizer> (0x00000000e074cda0) thrown at [C:\src\android\AOSP-openjdk\external\jetbrains\jdk\hotspot\src\share\vm\classfile\systemDictionary.cpp, linsü`Ú	@
Event: 3.232 Thread 0x000000005a662800 Exception <a 'java/lang/ClassNotFoundException': org/gradle/internal/metaobject/ConfigureDelegateBeanInfo> (0x00000000e0835cb8) thrown at [C:\src\android\AOSP-openjdk\external\jetbrains\jdk\hotspot\src\share\vm\classfile\systemDictionary.cpp, line 210]
Event: 3.232 Thread 0x000000005a662800 Exception <a 'java/lang/ClassNotFoundException': org/gradle/internal/metaobject/ConfigureDelegateCustomizer> (0x00000000e088bc70) thrown at [C:\src\android\AOSP-openjdk\external\jetbrains\jdk\hotspot\src\share\vm\classfile\systemDictionary.cpp, line 210]
Event: 3.236 Thread 0x000000005a662800 Exception <a 'java/lang/ClassNotFoundException': org/gradle/api/internal/initialization/DefaultScriptHandlerBeanInfo> (0x00000000e08cccd8) thrown at [C:\src\android\AOSP-openjdk\external\jetbrains\jdk\hotspot\src\share\vm\classfile\systemDictionary.cpp, li:Åi)ä	@
Event: 3.236 Thread 0x000000005a662800 Exception <a 'java/lang/ClassNotFoundException': org/gradle/api/internal/initialization/DefaultScriptHandlerCustomizer> (0x00000000e08df708) thrown at [C:\src\android\AOSP-openjdk\external\jetbrains\jdk\hotspot\src\share\vm\classfile\systemDictionary.cpp, ‚îKù„ž	@

Events (10 events):
Event: 3.268 loading class org/apache/maven/settings/building/DefaultSettingsBuilderFactory
Event: 3.268 loading class org/apache/maven/settings/building/DefaultSettingsBuilderFactory done
Event: 3.269 loading class org/apache/maven/settings/io/SettingsReader
Event: 3.269 loading class org/apache/maven/settings/io/SettingsReader done
Event: 3.269 loading class org/apache/maven/settings/io/SettingsWriter
Event: 3.269 loading class org/apache/maven/settings/io/SettingsWriter done
Event: 3.270 loading class org/apache/maven/settings/validation/SettingsValidator
Event: 3.270 loading class org/apache/maven/settings/validation/SettingsValidator done
Event: 3.270 loading class org/apache/maven/settings/building/DefaultSettingsBuilder
Event: 3.270 loading class org/apache/maven/settings/building/DefaultSettingsBuilder done


Dynamic libraries:
0x000000013f6b0000 - 0x000000013f6e1000 	D:\Program Files\Android\Android Studio\jre\bin\java.exe
0x0000000077b50000 - 0x0000000077cf9000 	C:\Windows\SYSTEM32\ntdll.dll
0x0000000077a30000 - 0x0000000077b4f000 	C:\Windows\system32\kernel32.dll
0x000007fefdb90000 - 0x000007fefdbfb000 	C:\Windows\system32\KERNELBASE.dll
0x000007fefe650000 - 0x000007fefe72b000 	C:\Windows\system32\ADVAPI32.dll
0x000007fefe510000 - 0x000007fefe5af000 	C:\Windows\system32\msvcrt.dll
0x000007fefe4f0000 - 0x000007fefe50f000 	C:\Windows\SYSTEM32\sechost.dll
0x000007fefea90000 - 0x000007fefebbd000 	C:\Windows\system32\RPCRT4.dll
0x0000000077930000 - 0x0000000077a2a000 	C:\Windows\system32\USER32.dll
0x000007fefea10000 - 0x000007fefea77000 	C:\Windows\system32\GDI32.dll
0x000007fefea80000 - 0x000007fefea8e000 	C:\Windows\system32\LPK.dll
0x000007fefe730000 - 0x000007fefe7f9000 	C:\Windows\system32\USP10.dll
0x000007fefc540000 - 0x000007fefc734000 	C:\Windows\WinSxS\amd64_microsoft.windows.common-controls_6595b64144ccf1df_6.0.7601.17514_none_fa396087175ac9ac\COMCTL32.dll
0x000007fefe930000 - 0x000007fefe9a1000 	C:\Windows\system32\SHLWAPI.dll
0x000007fefe310000 - 0x000007fefe33e000 	C:\Windows\system32\IMM32.DLL
0x000007feffd50000 - 0x000007feffe59000 	C:\Windows\system32\MSCTF.dll
0x000007fefda70000 - 0x000007fefdaa0000 	C:\Windows\system32\nvinitx.dll
0x000007fefda60000 - 0x000007fefda6c000 	C:\Windows\system32\VERSION.dll
0x0000000073f60000 - 0x0000000073f66000 	C:\Program Files\NVIDIA Corporation\CoProcManager\detoured.dll
0x000007fef9b10000 - 0x000007fef9b48000 	C:\Program Files\NVIDIA Corporation\CoProcManager\nvd3d9wrapx.dll
0x000007feff950000 - 0x000007feffb27000 	C:\Windows\system32\SETUPAPI.dll
0x000007fefde30000 - 0x000007fefde66000 	C:\Windows\system32\CFGMGR32.dll
0x000007fefe410000 - 0x000007fefe4e7000 	C:\Windows\system32\OLEAUT32.dll
0x000007feffb30000 - 0x000007feffd33000 	C:\Windows\system32\ole32.dll
0x000007fefde10000 - 0x000007fefde2a000 	C:\Windows\system32\DEVOBJ.dll
0x000007fef9ae0000 - 0x000007fef9b04000 	C:\Program Files\NVIDIA Corporation\CoProcManager\nvdxgiwrapx.dll
0x00000000701a0000 - 0x0000000070272000 	D:\Program Files\Android\Android Studio\jre\jre\bin\msvcr100.dll
0x000000006ad10000 - 0x000000006b544000 	D:\Program Files\Android\Android Studio\jre\jre\bin\server\jvm.dll
0x000007fef8310000 - 0x000007fef8319000 	C:\Windows\system32\WSOCK32.dll
0x000007fefe340000 - 0x000007fefe38d000 	C:\Windows\system32\WS2_32.dll
0x000007feffd40000 - 0x000007feffd48000 	C:\Windows\system32\NSI.dll
0x000007fefb890000 - 0x000007fefb8cb000 	C:\Windows\system32\WINMM.dll
0x0000000077d20000 - 0x0000000077d27000 	C:\Windows\system32\PSAPI.DLL
0x000007feef490000 - 0x000007feef49f000 	D:\Program Files\Android\Android Studio\jre\jre\bin\verify.dll
0x000007feef460000 - 0x000007feef489000 	D:\Program Files\Android\Android Studio\jre\jre\bin\java.dll
0x000007feebd30000 - 0x000007feebd46000 	D:\Program Files\Android\Android Studio\jre\jre\bin\zip.dll
0x000007fefebc0000 - 0x000007feff948000 	C:\Windows\system32\SHELL32.dll
0x000007fefdaa0000 - 0x000007fefdaaf000 	C:\Windows\system32\profapi.dll
0x000007feebba0000 - 0x000007feebbba000 	D:\Program Files\Android\Android Studio\jre\jre\bin\net.dll
0x000007fefd290000 - 0x000007fefd2e5000 	C:\Windows\system32\mswsock.dll
0x000007fefd280000 - 0x000007fefd287000 	C:\Windows\System32\wship6.dll
0x000007feebbc0000 - 0x000007feebbd1000 	D:\Program Files\Android\Android Studio\jre\jre\bin\nio.dll
0x000007feeb850000 - 0x000007feeb862000 	C:\Users\Valentin\.gradle\native\19\windows-amd64\native-platform.dll
0x000007fefd2f0000 - 0x000007fefd307000 	C:\Windows\system32\CRYPTSP.dll
0x000007fefcff0000 - 0x000007fefd037000 	C:\Windows\system32\rsaenh.dll
0x000007fefcdb0000 - 0x000007fefcdce000 	C:\Windows\system32\USERENV.dll
0x000007fefd950000 - 0x000007fefd95f000 	C:\Windows\system32\CRYPTBASE.dll
0x000007fefb450000 - 0x000007fefb477000 	C:\Windows\system32\IPHLPAPI.DLL
0x000007fefb440000 - 0x000007fefb44b000 	C:\Windows\system32\WINNSI.DLL
0x000007fefaf80000 - 0x000007fefaf98000 	C:\Windows\system32\dhcpcsvc.DLL
0x000007fefaf60000 - 0x000007fefaf71000 	C:\Windows\system32\dhcpcsvc6.DLL
0x000007feef450000 - 0x000007feef45d000 	D:\Program Files\Android\Android Studio\jre\jre\bin\management.dll
0x000007fef5f50000 - 0x000007fef6075000 	C:\Windows\system32\dbghelp.dll
0x000007fefd8f0000 - 0x000007fefd947000 	C:\Windows\system32\apphelp.dll

VM Arguments:
jvm_args: -Xmx1536m -Dfile.encoding=windows-1252 -Duser.country=US -Duser.language=en -Duser.variant 
java_command: org.gradle.launcher.daemon.bootstrap.GradleDaemon 2.14.1
java_class_path (initial): D:\Program Files\Android\Android Studio\gradle\gradle-2.14.1\lib\gradle-launcher-2.14.1.jar
Launcher Type: SUN_STANDARD

Environment Variables:
PATH=C:\Windows\system32;C:\Windows;C:\Windows\System32\Wbem;C:\Windows\System32\WindowsPowerShell\v1.0\;C:\Program Files (x86)\Intel\OpenCL SDK\2.0\bin\x86;C:\Program Files (x86)\Intel\OpenCL SDK\2.0\bin\x64;C:\Program Files (x86)\NVIDIA Corporation\PhysX\Common;C:\Program Files (x86)\QuickTime\QTSystem\
USERNAME=Valentin
OS=Windows_NT
PROCESSOR_IDENTIFIER=Intel64 Family 6 Model 42 Stepping 7, GenuineIntel



---------------  S Y S T E M  ---------------

OS: Windows 7 , 64 bit Build 7601 (6.1.7601.17514)

CPU:total 8 (4 cores per cpu, 2 threads per core) family 6 model 42 stepping 7, cmov, cx8, fxsr, mmx, sse, sse2, sse3, ssse3, sse4.1, sse4.2, popcnt, avx, aes, clmul, ht, tsc, tscinvbit

Memory: 4k page, physical 8293552k(2594396k free), swap 16585260k(10974272k free)

vm_info: OpenJDK 64-Bit Server VM (25.76-b03) for windows-amd64 JRE (1.8.0_76-release-b03), built on Jun 29 2016 19:09:20 by "ralucas" with MS VC++ 10.0 (VS2010)

time: Wed Dec 07 01:14:05 2016
elapsed time: 3 seconds (0d 0h 0m 3s)

